14727 1475070155.572900 -0.005493 -0.005493 15.463295
14728 1475070155.583441 -0.005493 0.082398 15.463295
14729 1475070155.593473 -0.005493 0.082398 15.463295
14730 1475070155.603323 -0.005493 0.082398 15.463295
14731 1475070155.613682 -0.005493 0.082398 15.463295
14732 1475070155.624010 -0.005493 0.082398 15.463295
14733 1475070155.634132 -0.005493 0.082398 15.463295
14734 1475070155.644269 -0.005493 0.082398 15.463295
14735 1475070155.654053 -0.005493 0.082398 15.463295
14736 1475070155.664315 -0.005493 0.082398 15.463295
14737 1475070155.675782 -0.005493 0.082398 15.463295
14738 1475070155.684728 -0.005493 0.082398 15.463295
14739 1475070155.694877 -0.005493 0.082398 15.463295
14740 1475070155.704885 -0.005493 0.082398 15.463295
14741 1475070155.714982 -0.005493 0.082398 15.463295
14742 1475070155.725102 -0.005493 0.082398 15.463295
14743 1475070155.735294 -0.005493 0.082398 15.463295
14744 1475070155.745401 -0.005493 0.082398 15.463295
14745 1475070155.755472 -0.005493 0.082398 15.463295
14746 1475070155.765570 -0.005493 0.082398 15.463295
14747 1475070155.775732 -0.005493 0.082398 15.463295
14748 1475070155.786848 -0.005493 0.082398 15.463295
14749 1475070155.797260 -0.005493 0.082398 15.463295
14750 1475070155.806873 -0.005493 0.082398 15.463295
14751 1475070155.817180 -0.005493 0.082398 15.463295
14752 1475070155.827466 -0.005493 0.082398 15.463295
14753 1475070155.837555 -0.005493 0.082398 15.463295
14754 1475070155.847971 0.082398 0.082398 15.463295
14755 1475070155.857779 -0.005493 0.082398 15.463295
14756 1475070155.867866 -0.005493 0.082398 15.463295
14757 1475070155.878032 -0.005493 0.082398 15.463295
14758 1475070155.888034 -0.005493 0.082398 15.463295
14759 1475070155.898321 -0.005493 0.082398 15.463295
14760 1475070155.908356 -0.005493 0.082398 15.463295
14761 1475070155.918405 -0.005493 0.082398 15.463295
14762 1475070155.928601 -0.005493 0.082398 15.463295
14763 1475070155.938636 -0.005493 0.082398 15.463295
14764 1475070155.944342 -0.005493 0.082398 15.463295
14765 1475070155.954350 -0.005493 0.082398 15.463295
14766 1475070155.964626 -0.005493 0.082398 15.463295
14767 1475070155.974616 -0.005493 0.082398 15.463295
14768 1475070155.984763 -0.005493 -0.005493 15.463295
14769 1475070155.994942 -0.005493 0.082398 15.463295
14770 1475070156.005262 -0.005493 0.082398 15.463295
14771 1475070156.018023 -0.005493 0.082398 15.463295
14772 1475070156.025418 -0.005493 0.082398 15.463295
14773 1475070156.035501 -0.005493 -0.005493 15.463295
14774 1475070156.045635 -0.005493 0.082398 15.463295
14775 1475070156.056799 -0.005493 0.082398 15.463295
14776 1475070156.066695 -0.005493 0.082398 15.463295
14777 1475070156.072330 -0.005493 -0.005493 15.463295
14778 1475070156.086566 -0.005493 0.082398 15.463295
14779 1475070156.097835 -0.005493 0.082398 15.463295
14780 1475070156.107227 -0.005493 -0.005493 15.463295
14781 1475070156.116929 -0.005493 0.082398 15.463295
14782 1475070156.127196 -0.005493 -0.005493 15.463295
14783 1475070156.137826 -0.005493 0.082398 15.463295
14784 1475070156.147945 -0.005493 -0.005493 15.463295
14785 1475070156.157821 -0.005493 -0.005493 15.463295
14786 1475070156.168066 -0.005493 -0.005493 15.463295
14787 1475070156.178105 -0.005493 0.082398 15.463295
14788 1475070156.188272 -0.005493 -0.005493 15.463295
14789 1475070156.198729 -0.005493 -0.005493 15.463295
14790 1475070156.208648 -0.005493 -0.005493 15.463295
14791 1475070156.219225 -0.005493 -0.005493 15.463295
14792 1475070156.229378 -0.005493 -0.005493 15.463295
14793 1475070156.239263 -0.005493 -0.005493 15.463295
14794 1475070156.250712 -0.005493 -0.005493 15.463295
14795 1475070156.259289 -0.005493 0.082398 15.463295
14796 1475070156.269381 -0.005493 -0.005493 15.463295
14797 1475070156.279643 -0.005493 0.082398 15.463295
14798 1475070156.289703 -0.005493 0.082398 15.463295
14799 1475070156.299798 -0.005493 0.082398 15.463295
14800 1475070156.309973 -0.005493 -0.005493 15.463295
14801 1475070156.320014 -0.005493 -0.005493 15.463295
14802 1475070156.330164 -0.005493 -0.005493 15.463295
14803 1475070156.340257 -0.005493 -0.005493 15.463295
14804 1475070156.347802 -0.005493 -0.005493 15.463295
14805 1475070156.357225 -0.005493 -0.005493 15.463295
14806 1475070156.367522 -0.005493 -0.005493 15.463295
14807 1475070156.381321 -0.005493 -0.005493 15.463295
14808 1475070156.391821 -0.005493 -0.005493 15.463295
14809 1475070156.398232 -0.093384 -0.005493 15.463295
14810 1475070156.406890 -0.093384 -0.005493 15.463295
14811 1475070156.422108 -0.093384 -0.005493 15.463295
14812 1475070156.427986 -0.093384 -0.005493 15.463295
14813 1475070156.438341 -0.093384 -0.005493 15.463295
14814 1475070156.452370 -0.093384 -0.005493 15.463295
14815 1475070156.458664 -0.093384 -0.005493 15.463295
14816 1475070156.467996 -0.093384 -0.005493 15.463295
14817 1475070156.478550 -0.093384 -0.005493 15.463295
14818 1475070156.488916 -0.093384 -0.005493 15.463295
14819 1475070156.500673 -0.093384 -0.005493 15.463295
14820 1475070156.509823 -0.093384 -0.005493 15.463295
14821 1475070156.520179 -0.093384 -0.005493 15.463295
14822 1475070156.530032 -0.093384 -0.005493 15.463295
14823 1475070156.540471 -0.093384 -0.005493 15.463295
14824 1475070156.550876 -0.093384 -0.005493 15.463295
14825 1475070156.560911 -0.093384 -0.005493 15.463295
14826 1475070156.569680 -0.093384 -0.005493 15.463295
14827 1475070156.580633 -0.093384 -0.005493 15.463295
14828 1475070156.589930 -0.093384 -0.005493 15.463295
14829 1475070156.602210 -0.093384 -0.005493 15.463295
14830 1475070156.610178 -0.093384 -0.005493 15.463295
14831 1475070156.620306 -0.093384 -0.005493 15.463295
14832 1475070156.630435 -0.093384 -0.005493 15.463295
14833 1475070156.641827 -0.093384 -0.005493 15.463295
14834 1475070156.652779 -0.093384 -0.005493 15.463295
14835 1475070156.661777 -0.093384 -0.005493 15.463295
14836 1475070156.672694 -0.093384 -0.005493 15.463295
14837 1475070156.680964 -0.181275 -0.005493 15.463295
14838 1475070156.687399 -0.093384 -0.005493 15.463295
14839 1475070156.701591 -0.093384 -0.005493 15.463295
14840 1475070156.711835 -0.093384 -0.005493 15.463295
14841 1475070156.721866 -0.093384 -0.005493 15.463295
14842 1475070156.732055 -0.093384 -0.005493 15.463295
14843 1475070156.742155 -0.093384 -0.005493 15.463295
14844 1475070156.752458 -0.093384 -0.005493 15.463295
14845 1475070156.762434 -0.093384 -0.005493 15.463295
14846 1475070156.772610 -0.093384 -0.005493 15.463295
14847 1475070156.782716 -0.093384 -0.005493 15.463295
14848 1475070156.793302 -0.093384 -0.005493 15.463295
14849 1475070156.803943 -0.093384 -0.005493 15.463295
14850 1475070156.813486 -0.093384 -0.005493 15.463295
14851 1475070156.823558 -0.093384 -0.005493 15.463295
14852 1475070156.833648 -0.093384 -0.005493 15.463295
14853 1475070156.844143 -0.093384 -0.005493 15.463295
14854 1475070156.853965 -0.093384 -0.005493 15.463295
14855 1475070156.864351 -0.093384 -0.005493 15.463295
14856 1475070156.874981 -0.093384 -0.005493 15.463295
14857 1475070156.885448 -0.093384 -0.005493 15.463295
14858 1475070156.894369 -0.093384 -0.005493 15.463295
14859 1475070156.905249 -0.093384 -0.005493 15.463295
14860 1475070156.915321 -0.093384 -0.005493 15.463295
14861 1475070156.925411 -0.093384 -0.005493 15.463295
14862 1475070156.935542 -0.093384 -0.005493 15.463295
14863 1475070156.945765 -0.093384 -0.005493 15.463295
14864 1475070156.955939 -0.093384 -0.005493 15.463295
14865 1475070156.965975 -0.093384 -0.005493 15.463295
14866 1475070156.976091 -0.093384 -0.005493 15.463295
14867 1475070156.986290 -0.093384 -0.005493 15.463295
14868 1475070156.991612 -0.093384 0.082398 15.463295
14869 1475070157.002829 -0.093384 -0.005493 15.463295
14870 1475070157.012433 -0.093384 -0.005493 15.463295
14871 1475070157.022671 -0.093384 -0.005493 15.463295
14872 1475070157.033006 -0.093384 -0.005493 15.463295
14873 1475070157.042701 -0.093384 -0.005493 15.463295
14874 1475070157.053030 -0.093384 -0.005493 15.463295
14875 1475070157.063052 -0.093384 -0.005493 15.463295
14876 1475070157.073282 -0.093384 -0.005493 15.463295
14877 1475070157.083466 -0.093384 -0.005493 15.463295
14878 1475070157.093672 -0.093384 -0.005493 15.463295
14879 1475070157.103631 -0.093384 -0.005493 15.463295
14880 1475070157.113882 -0.093384 -0.005493 15.463295
14881 1475070157.124305 -0.093384 -0.005493 15.463295
14882 1475070157.134169 -0.093384 -0.005493 15.463295
14883 1475070157.144183 -0.093384 -0.005493 15.463295
14884 1475070157.154312 -0.093384 -0.005493 15.463295
14885 1475070157.164427 -0.093384 -0.005493 15.463295
14886 1475070157.174577 -0.093384 -0.005493 15.463295
14887 1475070157.184602 -0.093384 -0.005493 15.463295
14888 1475070157.194754 -0.093384 -0.005493 15.463295
14889 1475070157.204799 -0.093384 -0.005493 15.463295
14890 1475070157.214889 -0.093384 -0.005493 15.463295
14891 1475070157.224998 -0.093384 -0.005493 15.463295
14892 1475070157.235318 -0.093384 -0.005493 15.463295
14893 1475070157.246756 -0.093384 -0.005493 15.463295
14894 1475070157.255772 -0.093384 -0.005493 15.463295
14895 1475070157.265504 -0.093384 -0.005493 15.463295
14896 1475070157.276459 -0.093384 -0.005493 15.463295
14897 1475070157.286691 -0.093384 -0.005493 15.463295
14898 1475070157.296708 -0.093384 -0.005493 15.463295
14899 1475070157.306526 -0.093384 -0.005493 15.463295
14900 1475070157.316830 -0.093384 -0.005493 15.463295
14901 1475070157.327060 -0.093384 -0.005493 15.463295
14902 1475070157.337542 -0.093384 -0.005493 15.463295
14903 1475070157.342191 -0.093384 -0.005493 15.463295
14904 1475070157.358206 -0.093384 -0.005493 15.463295
14905 1475070157.367838 -0.093384 -0.005493 15.463295
14906 1475070157.377996 -0.093384 -0.005493 15.463295
14907 1475070157.388016 -0.093384 -0.005493 15.463295
14908 1475070157.398627 -0.093384 -0.005493 15.463295
14909 1475070157.408525 -0.093384 -0.005493 15.463295
14910 1475070157.418466 -0.093384 -0.005493 15.463295
14911 1475070157.428649 -0.093384 -0.005493 15.463295
14912 1475070157.438693 -0.093384 -0.005493 15.463295
14913 1475070157.449252 -0.093384 -0.005493 15.463295
14914 1475070157.459025 -0.093384 -0.005493 15.463295
14915 1475070157.469006 -0.093384 -0.005493 15.463295
14916 1475070157.479228 -0.093384 -0.005493 15.463295
14917 1475070157.489391 -0.093384 -0.005493 15.463295
14918 1475070157.499645 -0.093384 -0.005493 15.463295
14919 1475070157.509687 -0.093384 -0.005493 15.463295
14920 1475070157.519777 -0.093384 -0.005493 15.463295
14921 1475070157.529957 -0.093384 -0.005493 15.463295
14922 1475070157.540311 -0.093384 -0.005493 15.463295
14923 1475070157.550547 -0.093384 -0.005493 15.463295
14924 1475070157.560192 -0.093384 -0.005493 15.463295
14925 1475070157.570617 -0.093384 -0.005493 15.463295
14926 1475070157.580700 -0.093384 -0.005493 15.463295
14927 1475070157.590878 -0.093384 -0.005493 15.463295
14928 1475070157.597228 -0.093384 0.082398 15.463295
14929 1475070157.611059 -0.093384 -0.005493 15.463295
14930 1475070157.621463 -0.093384 -0.005493 15.463295
14931 1475070157.631789 -0.093384 -0.005493 15.463295
14932 1475070157.641785 -0.093384 -0.005493 15.463295
14933 1475070157.651922 -0.093384 -0.005493 15.463295
14934 1475070157.662330 -0.093384 -0.005493 15.463295
14935 1475070157.672527 -0.093384 -0.005493 15.463295
14936 1475070157.682720 -0.093384 0.082398 15.463295
14937 1475070157.692712 -0.093384 -0.005493 15.463295
14938 1475070157.703064 -0.093384 -0.005493 15.463295
14939 1475070157.713146 -0.093384 -0.005493 15.463295
14940 1475070157.723269 -0.093384 -0.005493 15.463295
14941 1475070157.733460 -0.093384 -0.005493 15.463295
14942 1475070157.743510 -0.093384 -0.005493 15.463295
14943 1475070157.753643 -0.093384 -0.005493 15.463295
14944 1475070157.763779 -0.093384 -0.005493 15.463295
14945 1475070157.773848 -0.093384 -0.005493 15.463295
14946 1475070157.783922 -0.093384 -0.005493 15.463295
14947 1475070157.794053 -0.093384 -0.005493 15.463295
14948 1475070157.802175 -0.093384 -0.005493 15.463295
14949 1475070157.809753 -0.093384 -0.005493 15.463295
14950 1475070157.819850 -0.093384 -0.005493 15.463295
14951 1475070157.829968 -0.093384 -0.005493 15.463295
14952 1475070157.840191 -0.093384 -0.005493 15.463295
14953 1475070157.850300 -0.093384 -0.005493 15.463295
14954 1475070157.860433 -0.093384 -0.005493 15.463295
14955 1475070157.870610 -0.093384 -0.005493 15.463295
14956 1475070157.880714 -0.093384 -0.005493 15.463295
14957 1475070157.893513 -0.093384 -0.005493 15.463295
14958 1475070157.902983 -0.093384 -0.005493 15.463295
14959 1475070157.911082 -0.093384 -0.005493 15.463295
14960 1475070157.923462 -0.093384 -0.005493 15.463295
14961 1475070157.931915 -0.093384 -0.005493 15.463295
14962 1475070157.943644 -0.093384 -0.005493 15.463295
14963 1475070157.953637 -0.093384 -0.005493 15.463295
14964 1475070157.964420 -0.093384 -0.005493 15.463295
14965 1475070157.974512 -0.093384 -0.005493 15.463295
14966 1475070157.984703 -0.093384 -0.005493 15.463295
14967 1475070157.994752 -0.093384 -0.005493 15.463295
14968 1475070158.005319 -0.093384 -0.005493 15.463295
14969 1475070158.015411 -0.093384 -0.005493 15.463295
14970 1475070158.021492 -0.093384 -0.005493 15.463295
14971 1475070158.035733 -0.093384 -0.005493 15.463295
14972 1475070158.041451 -0.093384 -0.005493 15.463295
14973 1475070158.051961 -0.005493 -0.005493 15.463295
14974 1475070158.061934 -0.005493 -0.005493 15.463295
14975 1475070158.072468 -0.005493 -0.005493 15.463295
14976 1475070158.082687 -0.005493 -0.005493 15.463295
14977 1475070158.092788 -0.005493 -0.005493 15.375404
14978 1475070158.102718 -0.005493 -0.005493 15.375404
14979 1475070158.112829 -0.005493 -0.005493 15.463295
14980 1475070158.122939 -0.005493 -0.005493 15.375404
14981 1475070158.132984 -0.005493 -0.005493 15.463295
14982 1475070158.143102 -0.005493 -0.005493 15.375404
14983 1475070158.153292 -0.005493 -0.005493 15.375404
14984 1475070158.163416 -0.005493 -0.005493 15.375404
14985 1475070158.173440 -0.005493 -0.005493 15.375404
14986 1475070158.183614 -0.005493 -0.005493 15.375404
14987 1475070158.193699 -0.005493 -0.005493 15.463295
14988 1475070158.204001 -0.005493 -0.005493 15.375404
14989 1475070158.214239 -0.005493 -0.005493 15.375404
14990 1475070158.224266 -0.005493 -0.005493 15.375404
14991 1475070158.234424 -0.005493 0.082398 15.375404
14992 1475070158.244735 -0.005493 -0.005493 15.375404
14993 1475070158.255014 -0.005493 0.082398 15.463295
14994 1475070158.264767 -0.005493 -0.005493 15.463295
14995 1475070158.274962 -0.005493 -0.005493 15.375404
14996 1475070158.286792 -0.005493 -0.005493 15.375404
14997 1475070158.295099 -0.005493 -0.005493 15.375404
14998 1475070158.305243 -0.005493 -0.005493 15.375404
14999 1475070158.315351 -0.005493 -0.005493 15.375404
15000 1475070158.325578 -0.005493 -0.005493 15.375404
15001 1475070158.335678 -0.005493 -0.005493 15.375404
15002 1475070158.345800 -0.005493 -0.005493 15.375404
15003 1475070158.356834 -0.005493 -0.005493 15.375404
15004 1475070158.367140 -0.005493 -0.005493 15.375404
15005 1475070158.377068 -0.005493 -0.005493 15.375404
15006 1475070158.386773 -0.005493 -0.005493 15.375404
15007 1475070158.397057 -0.005493 -0.005493 15.375404
15008 1475070158.407009 -0.005493 -0.005493 15.375404
15009 1475070158.416979 -0.005493 -0.005493 15.375404
15010 1475070158.427223 -0.005493 -0.005493 15.375404
15011 1475070158.437948 -0.005493 -0.005493 15.375404
15012 1475070158.448317 -0.005493 -0.005493 15.375404
15013 1475070158.458249 -0.005493 -0.005493 15.375404
15014 1475070158.468432 -0.005493 -0.005493 15.375404
15015 1475070158.478532 -0.005493 -0.005493 15.375404
15016 1475070158.488601 -0.005493 -0.005493 15.375404
15017 1475070158.497099 -0.005493 -0.005493 15.375404
15018 1475070158.508875 -0.005493 -0.005493 15.375404
15019 1475070158.518939 -0.005493 -0.005493 15.375404
15020 1475070158.529031 -0.005493 -0.005493 15.375404
15021 1475070158.539155 -0.005493 -0.005493 15.375404
15022 1475070158.544201 -0.005493 -0.005493 15.375404
15023 1475070158.554270 -0.005493 -0.005493 15.375404
15024 1475070158.564366 -0.005493 -0.005493 15.375404
15025 1475070158.574527 -0.093384 -0.005493 15.375404
15026 1475070158.584750 -0.005493 -0.005493 15.375404
15027 1475070158.594834 -0.005493 -0.005493 15.375404
15028 1475070158.604962 -0.005493 -0.005493 15.375404
15029 1475070158.615169 -0.093384 -0.005493 15.375404
15030 1475070158.625186 -0.005493 -0.005493 15.375404
15031 1475070158.635348 -0.093384 -0.005493 15.375404
15032 1475070158.645432 -0.005493 -0.005493 15.375404
15033 1475070158.655561 -0.005493 -0.005493 15.375404
15034 1475070158.665692 -0.005493 -0.005493 15.463295
15035 1475070158.675791 -0.005493 -0.005493 15.463295
15036 1475070158.688253 -0.093384 -0.005493 15.375404
15037 1475070158.697060 -0.005493 -0.005493 15.375404
15038 1475070158.707120 -0.005493 -0.005493 15.375404
15039 1475070158.716933 -0.005493 -0.005493 15.375404
15040 1475070158.727474 -0.005493 -0.005493 15.375404
15041 1475070158.737620 -0.005493 -0.005493 15.375404
15042 1475070158.748763 -0.005493 -0.005493 15.375404
15043 1475070158.757733 -0.005493 -0.005493 15.375404
15044 1475070158.767859 -0.005493 -0.005493 15.375404
15045 1475070158.778174 -0.005493 -0.005493 15.375404
15046 1475070158.788087 -0.005493 -0.005493 15.375404
15047 1475070158.798446 -0.005493 -0.005493 15.375404
15048 1475070158.808302 -0.005493 -0.005493 15.375404
15049 1475070158.818620 -0.005493 -0.005493 15.375404
15050 1475070158.828741 -0.005493 0.082398 15.375404
15051 1475070158.838711 -0.005493 -0.005493 15.375404
15052 1475070158.849117 -0.005493 -0.005493 15.375404
15053 1475070158.859056 -0.005493 -0.005493 15.375404
15054 1475070158.869011 -0.005493 -0.005493 15.375404
15055 1475070158.879520 -0.005493 -0.005493 15.375404
15056 1475070158.889470 -0.005493 0.082398 15.375404
15057 1475070158.899407 -0.005493 -0.005493 15.375404
15058 1475070158.909442 -0.005493 -0.005493 15.375404
15059 1475070158.919638 -0.005493 -0.005493 15.375404
15060 1475070158.929721 -0.005493 0.082398 15.375404
15061 1475070158.939952 -0.005493 -0.005493 15.375404
15062 1475070158.950235 -0.005493 -0.005493 15.375404
15063 1475070158.960230 -0.005493 -0.005493 15.375404
15064 1475070158.970540 -0.005493 -0.005493 15.375404
15065 1475070158.980619 -0.005493 -0.005493 15.375404
15066 1475070158.986948 -0.005493 -0.005493 15.375404
15067 1475070158.996836 -0.005493 -0.005493 15.375404
15068 1475070159.009263 -0.005493 -0.005493 15.375404
15069 1475070159.017568 -0.005493 -0.005493 15.375404
15070 1475070159.028079 -0.005493 -0.005493 15.375404
15071 1475070159.038247 -0.005493 -0.005493 15.375404
15072 1475070159.049692 -0.005493 -0.005493 15.375404
15073 1475070159.058559 -0.005493 -0.005493 15.375404
15074 1475070159.068858 -0.093384 -0.005493 15.375404
15075 1475070159.078820 -0.005493 -0.005493 15.375404
15076 1475070159.089005 -0.005493 -0.005493 15.375404
15077 1475070159.102416 -0.005493 -0.005493 15.375404
15078 1475070159.109311 -0.093384 -0.005493 15.375404
15079 1475070159.121641 -0.005493 -0.005493 15.375404
15080 1475070159.129606 -0.005493 -0.005493 15.375404
15081 1475070159.141640 -0.005493 -0.005493 15.375404
15082 1475070159.152205 -0.005493 -0.005493 15.375404
15083 1475070159.159885 -0.005493 -0.005493 15.375404
15084 1475070159.171508 -0.005493 -0.005493 15.375404
15085 1475070159.179985 -0.005493 -0.005493 15.375404
15086 1475070159.190131 -0.005493 -0.005493 15.375404
15087 1475070159.202777 -0.005493 -0.005493 15.375404
15088 1475070159.210354 -0.005493 -0.005493 15.375404
15089 1475070159.223160 -0.005493 -0.005493 15.375404
15090 1475070159.230565 -0.005493 0.082398 15.375404
15091 1475070159.242792 -0.005493 -0.005493 15.375404
15092 1475070159.250792 -0.005493 -0.005493 15.375404
15093 1475070159.260846 -0.005493 -0.005493 15.375404
15094 1475070159.273253 -0.005493 -0.005493 15.375404
15095 1475070159.281784 -0.005493 -0.005493 15.375404
15096 1475070159.286798 -0.005493 -0.005493 15.375404
15097 1475070159.301791 -0.005493 -0.005493 15.375404
15098 1475070159.311746 -0.005493 -0.005493 15.375404
15099 1475070159.321925 -0.005493 -0.005493 15.375404
15100 1475070159.332042 -0.005493 -0.005493 15.375404
15101 1475070159.342112 -0.005493 -0.005493 15.375404
15102 1475070159.352334 -0.005493 -0.005493 15.375404
15103 1475070159.362322 -0.005493 -0.005493 15.375404
15104 1475070159.372463 -0.005493 -0.005493 15.375404
15105 1475070159.382621 -0.005493 -0.005493 15.375404
15106 1475070159.392663 -0.005493 -0.005493 15.375404
15107 1475070159.402677 -0.093384 -0.005493 15.375404
15108 1475070159.412919 -0.005493 -0.005493 15.375404
15109 1475070159.423007 -0.005493 -0.005493 15.375404
15110 1475070159.433211 -0.005493 -0.005493 15.375404
15111 1475070159.443445 -0.005493 -0.005493 15.375404
15112 1475070159.453847 -0.005493 -0.005493 15.375404
15113 1475070159.463635 -0.005493 -0.005493 15.375404
15114 1475070159.473998 -0.005493 -0.005493 15.375404
15115 1475070159.484179 -0.005493 -0.005493 15.375404
15116 1475070159.494187 -0.005493 -0.005493 15.375404
15117 1475070159.504276 -0.005493 -0.005493 15.375404
15118 1475070159.514374 -0.005493 -0.005493 15.375404
15119 1475070159.524610 -0.005493 -0.005493 15.375404
15120 1475070159.535266 -0.005493 -0.005493 15.375404
15121 1475070159.544826 -0.005493 -0.005493 15.375404
15122 1475070159.552399 -0.005493 -0.005493 15.375404
15123 1475070159.562322 -0.005493 -0.005493 15.375404
15124 1475070159.572329 -0.005493 -0.005493 15.375404
15125 1475070159.581943 -0.005493 -0.005493 15.375404
15126 1475070159.592760 -0.005493 -0.005493 15.375404
15127 1475070159.602135 -0.005493 -0.005493 15.375404
15128 1475070159.613026 -0.005493 -0.005493 15.375404
15129 1475070159.623210 -0.005493 -0.005493 15.375404
15130 1475070159.633671 -0.005493 -0.005493 15.375404
15131 1475070159.643737 -0.005493 -0.005493 15.375404
15132 1475070159.653874 -0.005493 -0.005493 15.375404
15133 1475070159.664008 -0.005493 -0.005493 15.375404
15134 1475070159.674030 -0.005493 -0.005493 15.375404
15135 1475070159.684211 -0.005493 -0.005493 15.375404
15136 1475070159.694219 -0.005493 -0.005493 15.375404
15137 1475070159.704262 -0.005493 -0.005493 15.375404
15138 1475070159.714429 -0.005493 -0.005493 15.375404
15139 1475070159.724544 -0.005493 -0.005493 15.375404
15140 1475070159.734582 -0.005493 -0.005493 15.375404
15141 1475070159.744777 -0.005493 -0.005493 15.375404
15142 1475070159.754817 -0.005493 -0.005493 15.375404
15143 1475070159.764910 -0.005493 -0.005493 15.375404
15144 1475070159.775070 -0.005493 -0.005493 15.375404
15145 1475070159.785184 -0.005493 -0.005493 15.375404
15146 1475070159.795240 -0.005493 -0.005493 15.375404
15147 1475070159.805480 -0.005493 -0.005493 15.375404
15148 1475070159.815588 -0.005493 -0.005493 15.375404
15149 1475070159.825827 -0.005493 -0.005493 15.375404
15150 1475070159.835834 -0.005493 -0.005493 15.375404
15151 1475070159.845927 -0.005493 0.082398 15.375404
15152 1475070159.856801 0.082398 -0.005493 15.375404
15153 1475070159.866647 -0.005493 0.082398 15.375404
15154 1475070159.877228 -0.005493 0.082398 15.375404
15155 1475070159.887384 -0.005493 -0.005493 15.375404
15156 1475070159.899089 -0.005493 -0.005493 15.375404
15157 1475070159.907769 -0.005493 -0.005493 15.375404
15158 1475070159.917758 -0.005493 -0.005493 15.375404
15159 1475070159.927902 -0.005493 -0.005493 15.375404
15160 1475070159.938122 -0.005493 -0.005493 15.375404
15161 1475070159.948800 -0.005493 -0.005493 15.375404
15162 1475070159.958457 -0.005493 0.082398 15.375404
15163 1475070159.968983 -0.005493 -0.005493 15.375404
15164 1475070159.979152 -0.005493 -0.005493 15.375404
15165 1475070159.989282 -0.005493 -0.005493 15.375404
15166 1475070159.999866 -0.005493 -0.005493 15.375404
15167 1475070160.009917 -0.005493 -0.005493 15.375404
15168 1475070160.019890 -0.005493 -0.005493 15.375404
15169 1475070160.030098 -0.005493 -0.005493 15.375404
15170 1475070160.040270 -0.005493 -0.005493 15.375404
15171 1475070160.050597 -0.005493 -0.005493 15.375404
15172 1475070160.060614 -0.005493 -0.005493 15.375404
15173 1475070160.070624 -0.005493 -0.005493 15.375404
15174 1475070160.076980 -0.005493 -0.005493 15.375404
15175 1475070160.087656 -0.005493 -0.005493 15.375404
15176 1475070160.097229 -0.005493 -0.005493 15.375404
15177 1475070160.107187 -0.005493 -0.005493 15.375404
15178 1475070160.117249 -0.005493 -0.005493 15.375404
15179 1475070160.127400 -0.005493 -0.005493 15.375404
15180 1475070160.137747 -0.005493 -0.005493 15.375404
15181 1475070160.147939 -0.005493 -0.005493 15.375404
15182 1475070160.158072 -0.005493 -0.005493 15.375404
15183 1475070160.168000 -0.005493 -0.005493 15.375404
15184 1475070160.178229 -0.005493 -0.005493 15.375404
15185 1475070160.188341 -0.005493 -0.005493 15.375404
15186 1475070160.198512 -0.005493 -0.005493 15.375404
15187 1475070160.208513 -0.005493 -0.005493 15.375404
15188 1475070160.218618 -0.005493 -0.005493 15.375404
15189 1475070160.228700 -0.005493 -0.005493 15.375404
15190 1475070160.239293 -0.005493 -0.005493 15.375404
15191 1475070160.249329 -0.005493 -0.005493 15.375404
15192 1475070160.259754 -0.005493 -0.005493 15.375404
15193 1475070160.269270 -0.005493 -0.005493 15.375404
15194 1475070160.279768 -0.005493 -0.005493 15.375404
15195 1475070160.289692 -0.005493 -0.005493 15.375404
15196 1475070160.300001 -0.005493 -0.005493 15.375404
15197 1475070160.309942 -0.005493 -0.005493 15.375404
15198 1475070160.320089 -0.005493 -0.005493 15.375404
15199 1475070160.330204 -0.005493 -0.005493 15.375404
15200 1475070160.340425 -0.005493 -0.005493 15.375404
15201 1475070160.350577 -0.005493 -0.005493 15.375404
15202 1475070160.360665 -0.005493 -0.005493 15.375404
15203 1475070160.370754 -0.005493 -0.005493 15.375404
15204 1475070160.380908 -0.005493 -0.005493 15.375404
15205 1475070160.391027 -0.005493 -0.005493 15.375404
15206 1475070160.401565 -0.005493 -0.005493 15.375404
15207 1475070160.411584 -0.005493 -0.005493 15.375404
15208 1475070160.421644 -0.005493 -0.005493 15.375404
15209 1475070160.432086 -0.005493 -0.005493 15.375404
15210 1475070160.441868 -0.005493 -0.005493 15.375404
15211 1475070160.452115 -0.005493 -0.005493 15.375404
15212 1475070160.462162 -0.005493 -0.005493 15.375404
15213 1475070160.472387 -0.005493 -0.005493 15.375404
15214 1475070160.482528 -0.005493 -0.005493 15.375404
15215 1475070160.492495 -0.005493 0.082398 15.375404
15216 1475070160.502671 -0.005493 -0.005493 15.375404
15217 1475070160.512730 -0.005493 0.082398 15.375404
15218 1475070160.522836 -0.005493 -0.005493 15.375404
15219 1475070160.533177 -0.005493 -0.005493 15.375404
15220 1475070160.543060 -0.005493 -0.005493 15.375404
15221 1475070160.553441 -0.005493 -0.005493 15.375404
15222 1475070160.563464 -0.005493 -0.005493 15.375404
15223 1475070160.573656 -0.005493 -0.005493 15.375404
15224 1475070160.583915 -0.005493 -0.005493 15.375404
15225 1475070160.594207 -0.005493 -0.005493 15.375404
15226 1475070160.604160 -0.005493 -0.005493 15.375404
15227 1475070160.614301 -0.005493 -0.005493 15.375404
15228 1475070160.624450 -0.005493 -0.005493 15.375404
15229 1475070160.634661 -0.005493 -0.005493 15.375404
15230 1475070160.644825 -0.005493 -0.005493 15.375404
15231 1475070160.654940 -0.005493 -0.005493 15.375404
15232 1475070160.665066 -0.005493 -0.005493 15.375404
15233 1475070160.675179 -0.005493 -0.005493 15.375404
15234 1475070160.685269 -0.005493 -0.005493 15.375404
15235 1475070160.695346 -0.005493 -0.005493 15.375404
15236 1475070160.705529 -0.005493 -0.005493 15.375404
15237 1475070160.715628 -0.005493 -0.005493 15.375404
15238 1475070160.725918 -0.005493 -0.005493 15.375404
15239 1475070160.735965 -0.005493 -0.005493 15.375404
15240 1475070160.746025 -0.005493 -0.005493 15.375404
15241 1475070160.751970 -0.005493 -0.005493 15.375404
15242 1475070160.761870 -0.005493 -0.005493 15.375404
15243 1475070160.772063 -0.005493 -0.005493 15.375404
15244 1475070160.782527 -0.005493 0.082398 15.375404
15245 1475070160.792570 -0.005493 -0.005493 15.375404
15246 1475070160.803280 -0.005493 -0.005493 15.375404
15247 1475070160.813012 -0.005493 -0.005493 15.375404
15248 1475070160.823295 -0.005493 -0.005493 15.375404
15249 1475070160.833496 -0.005493 -0.005493 15.375404
15250 1475070160.843415 -0.005493 -0.005493 15.375404
15251 1475070160.853502 -0.005493 -0.005493 15.375404
15252 1475070160.863602 -0.005493 -0.005493 15.375404
15253 1475070160.873771 -0.005493 -0.005493 15.375404
15254 1475070160.884460 -0.005493 -0.005493 15.375404
15255 1475070160.894579 -0.005493 -0.005493 15.375404
15256 1475070160.904905 -0.005493 -0.005493 15.375404
15257 1475070160.915003 -0.005493 -0.005493 15.375404
15258 1475070160.925052 -0.005493 -0.005493 15.375404
15259 1475070160.935169 -0.005493 -0.005493 15.375404
15260 1475070160.945315 -0.005493 -0.005493 15.375404
15261 1475070160.952374 -0.005493 -0.005493 15.375404
15262 1475070160.965564 -0.005493 -0.005493 15.375404
15263 1475070160.972221 -0.005493 -0.005493 15.375404
15264 1475070160.981481 -0.005493 -0.005493 15.375404
15265 1475070160.997239 -0.005493 -0.005493 15.375404
15266 1475070161.006602 -0.005493 -0.005493 15.375404
15267 1475070161.016939 -0.005493 -0.005493 15.375404
15268 1475070161.027157 -0.005493 -0.005493 15.375404
15269 1475070161.037475 -0.005493 -0.005493 15.375404
15270 1475070161.047883 -0.005493 -0.005493 15.375404
15271 1475070161.057781 -0.005493 -0.005493 15.375404
15272 1475070161.062839 -0.005493 -0.005493 15.375404
15273 1475070161.077934 -0.005493 -0.005493 15.375404
15274 1475070161.088127 -0.005493 -0.005493 15.375404
15275 1475070161.098337 -0.005493 -0.005493 15.375404
15276 1475070161.108273 -0.005493 -0.005493 15.375404
15277 1475070161.118365 -0.005493 -0.005493 15.375404
15278 1475070161.128495 -0.005493 -0.005493 15.375404
15279 1475070161.138696 -0.005493 -0.005493 15.375404
15280 1475070161.149633 -0.005493 -0.005493 15.375404
15281 1475070161.158972 -0.005493 -0.005493 15.375404
15282 1475070161.169042 -0.005493 -0.005493 15.375404
15283 1475070161.179465 -0.005493 -0.005493 15.375404
15284 1475070161.189464 -0.005493 -0.005493 15.375404
15285 1475070161.199968 -0.005493 -0.005493 15.375404
15286 1475070161.209765 -0.005493 -0.005493 15.375404
15287 1475070161.219787 -0.005493 -0.005493 15.375404
15288 1475070161.230032 -0.005493 -0.005493 15.375404
15289 1475070161.240066 -0.005493 -0.005493 15.375404
15290 1475070161.250353 -0.005493 -0.005493 15.375404
15291 1475070161.260567 -0.005493 -0.005493 15.375404
15292 1475070161.270668 -0.005493 -0.005493 15.375404
15293 1475070161.282624 -0.005493 -0.005493 15.375404
15294 1475070161.292179 -0.005493 -0.005493 15.375404
15295 1475070161.301858 -0.005493 -0.005493 15.375404
15296 1475070161.311756 -0.005493 -0.005493 15.375404
15297 1475070161.316766 -0.005493 -0.005493 15.375404
15298 1475070161.326729 -0.005493 -0.005493 15.375404
15299 1475070161.342170 -0.005493 -0.005493 15.375404
15300 1475070161.352303 -0.005493 -0.005493 15.375404
15301 1475070161.362759 -0.005493 -0.005493 15.375404
15302 1475070161.373009 -0.005493 -0.005493 15.375404
15303 1475070161.383443 -0.005493 -0.005493 15.375404
15304 1475070161.388340 -0.005493 -0.005493 15.375404
15305 1475070161.398346 -0.005493 -0.005493 15.375404
15306 1475070161.408493 -0.005493 -0.005493 15.375404
15307 1475070161.418669 -0.005493 -0.005493 15.375404
15308 1475070161.428915 -0.005493 -0.005493 15.375404
15309 1475070161.439845 -0.005493 -0.005493 15.375404
15310 1475070161.450323 -0.005493 -0.005493 15.375404
15311 1475070161.460601 -0.005493 -0.005493 15.375404
15312 1475070161.470695 -0.005493 -0.005493 15.375404
15313 1475070161.480822 -0.005493 -0.005493 15.375404
15314 1475070161.487033 -0.005493 -0.005493 15.375404
15315 1475070161.501480 -0.005493 -0.005493 15.375404
15316 1475070161.511613 -0.005493 -0.005493 15.375404
15317 1475070161.521760 -0.005493 -0.005493 15.375404
15318 1475070161.531871 -0.005493 -0.005493 15.375404
15319 1475070161.541937 -0.005493 -0.005493 15.375404
15320 1475070161.552116 -0.005493 -0.005493 15.375404
15321 1475070161.562115 -0.005493 -0.005493 15.375404
15322 1475070161.572318 -0.005493 -0.005493 15.375404
15323 1475070161.582420 -0.005493 -0.005493 15.375404
15324 1475070161.592587 -0.005493 -0.005493 15.375404
15325 1475070161.602569 -0.005493 -0.005493 15.375404
15326 1475070161.612722 -0.005493 0.082398 15.375404
15327 1475070161.622953 -0.005493 -0.005493 15.375404
15328 1475070161.633143 -0.005493 0.082398 15.375404
15329 1475070161.643169 -0.005493 0.082398 15.375404
15330 1475070161.653303 -0.005493 -0.005493 15.375404
15331 1475070161.663485 -0.005493 0.082398 15.375404
15332 1475070161.673635 -0.005493 -0.005493 15.375404
15333 1475070161.684924 -0.005493 -0.005493 15.375404
15334 1475070161.694372 -0.005493 -0.005493 15.375404
15335 1475070161.704235 -0.005493 -0.005493 15.375404
15336 1475070161.714314 -0.005493 -0.005493 15.375404
15337 1475070161.724315 -0.005493 0.082398 15.375404
15338 1475070161.734704 -0.005493 -0.005493 15.375404
15339 1475070161.744967 -0.005493 -0.005493 15.375404
15340 1475070161.755194 -0.005493 -0.005493 15.375404
15341 1475070161.765229 -0.005493 -0.005493 15.375404
15342 1475070161.775380 -0.005493 -0.005493 15.375404
15343 1475070161.785641 -0.005493 -0.005493 15.375404
15344 1475070161.795611 -0.005493 -0.005493 15.375404
15345 1475070161.807186 -0.005493 -0.005493 15.375404
15346 1475070161.817029 -0.005493 -0.005493 15.375404
15347 1475070161.826033 -0.005493 -0.005493 15.375404
15348 1475070161.836997 -0.005493 -0.005493 15.375404
15349 1475070161.841495 -0.005493 -0.005493 15.375404
15350 1475070161.853870 -0.005493 -0.005493 15.375404
15351 1475070161.863750 -0.005493 -0.005493 15.375404
15352 1475070161.873741 -0.005493 -0.005493 15.375404
15353 1475070161.883977 -0.005493 -0.005493 15.375404
15354 1475070161.894033 -0.005493 -0.005493 15.375404
15355 1475070161.904203 -0.005493 -0.005493 15.375404
15356 1475070161.914283 -0.005493 -0.005493 15.375404
15357 1475070161.924401 -0.005493 0.082398 15.375404
15358 1475070161.934528 -0.005493 -0.005493 15.375404
15359 1475070161.944668 -0.005493 -0.005493 15.375404
15360 1475070161.955036 -0.005493 -0.005493 15.375404
15361 1475070161.965223 -0.005493 0.082398 15.375404
15362 1475070161.975335 -0.005493 -0.005493 15.375404
15363 1475070161.981509 -0.005493 -0.005493 15.375404
15364 1475070161.995592 -0.005493 -0.005493 15.375404
15365 1475070162.002317 -0.093384 -0.005493 15.375404
15366 1475070162.016613 -0.005493 -0.005493 15.375404
15367 1475070162.026642 -0.093384 -0.005493 15.375404
15368 1475070162.037502 -0.093384 -0.005493 15.375404
15369 1475070162.049004 -0.093384 -0.005493 15.375404
15370 1475070162.058143 -0.005493 -0.005493 15.375404
15371 1475070162.068003 -0.005493 -0.005493 15.375404
15372 1475070162.078658 -0.005493 -0.005493 15.375404
15373 1475070162.089252 -0.005493 -0.005493 15.375404
15374 1475070162.099456 -0.005493 -0.005493 15.375404
15375 1475070162.109510 -0.005493 -0.005493 15.375404
15376 1475070162.119565 -0.005493 -0.005493 15.375404
15377 1475070162.129716 -0.005493 -0.005493 15.375404
15378 1475070162.139808 -0.005493 -0.005493 15.375404
15379 1475070162.149989 -0.005493 -0.005493 15.375404
15380 1475070162.160100 -0.005493 -0.005493 15.375404
15381 1475070162.170244 -0.005493 -0.005493 15.375404
15382 1475070162.180329 -0.005493 -0.005493 15.375404
15383 1475070162.190477 -0.093384 -0.005493 15.375404
15384 1475070162.200555 -0.093384 -0.005493 15.375404
15385 1475070162.210684 -0.005493 -0.005493 15.375404
15386 1475070162.220811 -0.005493 -0.005493 15.375404
15387 1475070162.230915 -0.093384 -0.005493 15.375404
15388 1475070162.241042 -0.093384 -0.005493 15.375404
15389 1475070162.246474 -0.093384 -0.005493 15.375404
15390 1475070162.256546 -0.005493 -0.005493 15.375404
15391 1475070162.266909 -0.005493 -0.005493 15.375404
15392 1475070162.277095 -0.005493 -0.005493 15.375404
15393 1475070162.287271 -0.005493 -0.005493 15.375404
15394 1475070162.297504 -0.005493 -0.005493 15.375404
15395 1475070162.307515 -0.005493 -0.005493 15.375404
15396 1475070162.317563 -0.005493 -0.005493 15.375404
15397 1475070162.327720 -0.005493 -0.005493 15.375404
15398 1475070162.337855 -0.005493 -0.005493 15.375404
15399 1475070162.348356 -0.005493 -0.005493 15.375404
15400 1475070162.358183 -0.005493 -0.005493 15.375404
15401 1475070162.368488 -0.005493 -0.005493 15.375404
15402 1475070162.378437 -0.005493 -0.005493 15.375404
15403 1475070162.388801 -0.093384 -0.005493 15.375404
15404 1475070162.398775 -0.005493 -0.005493 15.375404
15405 1475070162.408909 -0.093384 -0.005493 15.375404
15406 1475070162.418985 -0.005493 -0.005493 15.375404
15407 1475070162.429114 -0.005493 -0.005493 15.375404
15408 1475070162.439224 -0.005493 -0.005493 15.375404
15409 1475070162.449378 -0.005493 -0.005493 15.375404
15410 1475070162.459479 -0.005493 -0.005493 15.375404
15411 1475070162.469528 -0.005493 -0.005493 15.375404
15412 1475070162.479605 -0.005493 -0.005493 15.375404
15413 1475070162.489753 -0.005493 -0.005493 15.375404
15414 1475070162.499907 -0.005493 -0.005493 15.375404
15415 1475070162.509997 -0.005493 -0.005493 15.375404
15416 1475070162.520128 -0.005493 -0.005493 15.375404
15417 1475070162.530226 -0.005493 -0.005493 15.375404
15418 1475070162.540375 -0.005493 -0.005493 15.375404
15419 1475070162.550520 -0.005493 -0.005493 15.375404
15420 1475070162.560592 -0.005493 -0.005493 15.375404
15421 1475070162.570786 -0.093384 -0.005493 15.375404
15422 1475070162.580873 -0.093384 -0.005493 15.375404
15423 1475070162.590982 -0.093384 -0.005493 15.375404
15424 1475070162.602291 -0.093384 -0.005493 15.375404
15425 1475070162.611953 -0.093384 -0.005493 15.375404
15426 1475070162.622214 -0.005493 -0.005493 15.375404
15427 1475070162.631876 -0.093384 -0.005493 15.375404
15428 1475070162.642519 -0.005493 -0.005493 15.375404
15429 1475070162.653518 -0.005493 -0.005493 15.375404
15430 1475070162.664262 -0.093384 -0.005493 15.375404
15431 1475070162.673780 -0.005493 -0.005493 15.375404
15432 1475070162.678889 -0.005493 -0.005493 15.375404
15433 1475070162.694432 -0.005493 -0.005493 15.375404
15434 1475070162.704334 -0.005493 -0.005493 15.375404
15435 1475070162.714766 -0.005493 -0.005493 15.375404
15436 1475070162.724766 -0.005493 -0.005493 15.375404
15437 1475070162.734910 -0.005493 -0.005493 15.375404
15438 1475070162.745052 -0.005493 -0.005493 15.375404
15439 1475070162.751974 -0.005493 -0.005493 15.375404
15440 1475070162.765242 -0.005493 -0.005493 15.375404
15441 1475070162.775361 -0.005493 -0.005493 15.375404
15442 1475070162.785469 -0.093384 -0.005493 15.375404
15443 1475070162.790541 -0.093384 -0.005493 15.375404
15444 1475070162.796570 -0.093384 -0.005493 15.375404
15445 1475070162.806471 -0.093384 -0.005493 15.375404
15446 1475070162.821897 -0.005493 -0.005493 15.375404
15447 1475070162.831641 -0.005493 -0.005493 15.375404
15448 1475070162.841933 -0.005493 -0.005493 15.375404
15449 1475070162.852844 -0.005493 -0.005493 15.375404
15450 1475070162.862197 -0.005493 -0.005493 15.375404
15451 1475070162.872537 -0.005493 -0.005493 15.375404
15452 1475070162.882631 -0.005493 -0.005493 15.375404
15453 1475070162.892612 -0.005493 -0.005493 15.375404
15454 1475070162.902710 -0.005493 -0.005493 15.375404
15455 1475070162.912979 -0.005493 -0.005493 15.375404
15456 1475070162.923130 -0.093384 -0.005493 15.375404
15457 1475070162.933271 -0.005493 -0.005493 15.375404
15458 1475070162.943387 -0.005493 -0.005493 15.375404
15459 1475070162.954243 -0.005493 -0.005493 15.375404
15460 1475070162.964502 -0.093384 -0.005493 15.375404
15461 1475070162.973964 -0.005493 -0.005493 15.375404
15462 1475070162.984809 -0.005493 -0.005493 15.375404
15463 1475070162.991762 -0.093384 -0.005493 15.375404
15464 1475070163.001976 -0.005493 -0.005493 15.375404
15465 1475070163.014980 -0.005493 -0.005493 15.375404
15466 1475070163.025116 -0.005493 -0.005493 15.375404
15467 1475070163.035208 -0.005493 -0.005493 15.375404
15468 1475070163.045348 -0.005493 -0.005493 15.375404
15469 1475070163.052472 -0.005493 -0.005493 15.375404
15470 1475070163.065621 -0.005493 -0.005493 15.375404
15471 1475070163.075741 -0.005493 -0.005493 15.375404
15472 1475070163.085799 -0.005493 -0.005493 15.375404
15473 1475070163.097435 -0.005493 -0.005493 15.375404
15474 1475070163.107494 -0.005493 -0.005493 15.375404
15475 1475070163.116764 -0.005493 -0.005493 15.375404
15476 1475070163.127174 -0.005493 -0.005493 15.375404
15477 1475070163.137691 -0.005493 -0.005493 15.375404
15478 1475070163.142319 -0.005493 -0.005493 15.375404
15479 1475070163.157781 -0.005493 -0.005493 15.375404
15480 1475070163.163027 -0.005493 -0.005493 15.375404
15481 1475070163.173227 -0.005493 -0.005493 15.375404
15482 1475070163.183427 -0.005493 -0.005493 15.375404
15483 1475070163.193313 -0.005493 -0.005493 15.375404
15484 1475070163.203487 -0.005493 -0.005493 15.375404
15485 1475070163.213618 -0.093384 -0.005493 15.375404
15486 1475070163.224058 -0.005493 -0.005493 15.375404
15487 1475070163.234535 -0.005493 -0.005493 15.375404
15488 1475070163.244301 -0.005493 -0.005493 15.375404
15489 1475070163.254069 -0.005493 -0.005493 15.375404
15490 1475070163.264418 -0.005493 -0.005493 15.375404
15491 1475070163.274478 -0.005493 -0.005493 15.375404
15492 1475070163.284774 -0.005493 -0.005493 15.375404
15493 1475070163.291859 -0.005493 -0.005493 15.375404
15494 1475070163.301769 -0.005493 -0.005493 15.375404
15495 1475070163.314945 -0.005493 -0.005493 15.375404
15496 1475070163.324972 -0.005493 -0.005493 15.375404
15497 1475070163.335127 -0.005493 -0.005493 15.375404
15498 1475070163.342065 -0.005493 -0.005493 15.375404
15499 1475070163.352334 -0.005493 -0.005493 15.375404
15500 1475070163.365493 -0.005493 -0.005493 15.375404
15501 1475070163.375814 -0.005493 -0.005493 15.375404
15502 1475070163.386595 -0.005493 -0.005493 15.375404
15503 1475070163.397430 -0.005493 -0.005493 15.375404
15504 1475070163.407588 -0.005493 -0.005493 15.375404
15505 1475070163.417450 -0.005493 -0.005493 15.375404
15506 1475070163.427534 -0.005493 -0.005493 15.375404
15507 1475070163.436882 -0.005493 -0.005493 15.375404
15508 1475070163.447923 -0.005493 -0.005493 15.375404
15509 1475070163.457786 -0.005493 -0.005493 15.375404
15510 1475070163.467443 -0.005493 -0.005493 15.375404
15511 1475070163.478156 -0.005493 -0.005493 15.375404
15512 1475070163.488655 -0.005493 -0.005493 15.375404
15513 1475070163.498317 -0.005493 -0.005493 15.375404
15514 1475070163.508337 -0.005493 -0.005493 15.375404
15515 1475070163.518427 -0.005493 -0.005493 15.375404
15516 1475070163.528519 -0.005493 -0.005493 15.375404
15517 1475070163.538758 -0.005493 -0.005493 15.375404
15518 1475070163.548978 -0.005493 -0.005493 15.375404
15519 1475070163.559007 -0.005493 -0.005493 15.375404
15520 1475070163.569137 -0.005493 -0.005493 15.375404
15521 1475070163.579264 -0.005493 -0.005493 15.375404
15522 1475070163.589358 -0.005493 -0.005493 15.375404
15523 1475070163.599599 -0.005493 -0.005493 15.375404
15524 1475070163.609695 -0.005493 -0.005493 15.375404
15525 1475070163.619800 -0.005493 -0.005493 15.375404
15526 1475070163.630184 -0.005493 -0.005493 15.375404
15527 1475070163.640049 -0.005493 -0.005493 15.375404
15528 1475070163.650238 -0.005493 -0.005493 15.375404
15529 1475070163.660364 -0.005493 -0.005493 15.375404
15530 1475070163.666650 -0.005493 -0.005493 15.375404
15531 1475070163.677143 -0.005493 -0.005493 15.375404
15532 1475070163.687972 -0.005493 -0.005493 15.375404
15533 1475070163.698219 -0.005493 -0.005493 15.375404
15534 1475070163.708250 -0.005493 -0.005493 15.375404
15535 1475070163.718457 -0.005493 -0.005493 15.375404
15536 1475070163.728552 -0.005493 -0.005493 15.375404
15537 1475070163.739454 -0.005493 -0.005493 15.375404
15538 1475070163.750072 -0.005493 -0.005493 15.375404
15539 1475070163.759934 -0.005493 -0.005493 15.375404
15540 1475070163.770050 -0.005493 -0.005493 15.375404
15541 1475070163.780168 -0.005493 -0.005493 15.375404
15542 1475070163.790274 -0.005493 -0.005493 15.375404
15543 1475070163.800472 -0.005493 -0.005493 15.375404
15544 1475070163.810565 -0.005493 -0.005493 15.375404
15545 1475070163.820735 -0.005493 -0.005493 15.375404
15546 1475070163.830856 -0.005493 -0.005493 15.375404
15547 1475070163.840981 -0.005493 -0.005493 15.375404
15548 1475070163.851512 -0.005493 -0.005493 15.375404
15549 1475070163.861525 -0.005493 -0.005493 15.375404
15550 1475070163.871627 -0.005493 -0.005493 15.375404
15551 1475070163.881781 -0.005493 -0.005493 15.375404
15552 1475070163.891861 -0.005493 -0.005493 15.375404
15553 1475070163.902122 -0.005493 -0.005493 15.375404
15554 1475070163.912393 -0.005493 -0.005493 15.375404
15555 1475070163.922344 -0.005493 -0.005493 15.375404
15556 1475070163.932433 -0.005493 -0.005493 15.375404
15557 1475070163.942553 -0.005493 -0.005493 15.375404
15558 1475070163.952818 -0.005493 -0.005493 15.375404
15559 1475070163.962919 -0.005493 -0.005493 15.375404
15560 1475070163.973069 -0.005493 -0.005493 15.375404
15561 1475070163.983170 -0.093384 -0.005493 15.375404
15562 1475070163.993292 -0.005493 -0.005493 15.375404
15563 1475070164.003395 -0.005493 -0.005493 15.375404
15564 1475070164.013511 -0.005493 -0.005493 15.375404
15565 1475070164.023871 -0.005493 -0.005493 15.375404
15566 1475070164.033977 -0.005493 -0.005493 15.375404
15567 1475070164.044030 -0.005493 -0.005493 15.375404
15568 1475070164.054259 -0.005493 -0.005493 15.375404
15569 1475070164.064356 -0.005493 -0.005493 15.375404
15570 1475070164.074430 -0.005493 -0.005493 15.375404
15571 1475070164.084585 -0.005493 -0.005493 15.375404
15572 1475070164.094836 -0.005493 -0.005493 15.375404
15573 1475070164.104993 -0.005493 -0.005493 15.375404
15574 1475070164.115071 -0.093384 -0.005493 15.375404
15575 1475070164.125169 -0.005493 -0.005493 15.375404
15576 1475070164.135273 -0.005493 -0.005493 15.375404
15577 1475070164.145432 -0.005493 -0.005493 15.375404
15578 1475070164.155537 -0.005493 -0.005493 15.375404
15579 1475070164.165624 -0.005493 -0.005493 15.375404
15580 1475070164.175751 -0.005493 -0.005493 15.375404
15581 1475070164.185928 -0.005493 -0.005493 15.375404
15582 1475070164.197046 -0.005493 -0.005493 15.375404
15583 1475070164.207477 -0.005493 -0.005493 15.375404
15584 1475070164.216989 -0.005493 -0.005493 15.375404
15585 1475070164.227286 -0.005493 -0.005493 15.375404
15586 1475070164.237558 -0.005493 -0.005493 15.375404
15587 1475070164.242723 -0.005493 -0.005493 15.375404
15588 1475070164.252801 -0.005493 -0.005493 15.375404
15589 1475070164.264902 -0.005493 -0.005493 15.375404
15590 1475070164.273184 -0.005493 -0.005493 15.375404
15591 1475070164.283329 -0.005493 -0.005493 15.375404
15592 1475070164.293421 -0.005493 -0.005493 15.375404
15593 1475070164.303571 -0.005493 -0.005493 15.375404
15594 1475070164.313903 -0.005493 -0.005493 15.375404
15595 1475070164.324032 -0.005493 -0.005493 15.375404
15596 1475070164.334489 -0.005493 -0.005493 15.375404
15597 1475070164.344590 -0.005493 -0.005493 15.375404
15598 1475070164.354934 -0.005493 -0.005493 15.375404
15599 1475070164.365164 -0.005493 -0.005493 15.375404
15600 1475070164.375239 -0.005493 -0.005493 15.375404
15601 1475070164.385367 -0.005493 -0.005493 15.375404
15602 1475070164.395512 -0.005493 -0.005493 15.375404
15603 1475070164.401688 -0.005493 -0.005493 15.375404
15604 1475070164.415829 -0.005493 -0.005493 15.375404
15605 1475070164.425950 -0.005493 -0.005493 15.375404
15606 1475070164.431638 -0.005493 -0.005493 15.375404
15607 1475070164.446641 -0.005493 -0.005493 15.375404
15608 1475070164.456599 -0.005493 -0.005493 15.375404
15609 1475070164.466835 -0.005493 -0.005493 15.375404
15610 1475070164.477144 -0.005493 -0.005493 15.375404
15611 1475070164.486974 -0.005493 -0.005493 15.375404
15612 1475070164.497435 -0.005493 -0.005493 15.375404
15613 1475070164.507410 -0.005493 -0.005493 15.375404
15614 1475070164.517560 -0.093384 -0.005493 15.375404
15615 1475070164.527695 -0.005493 -0.005493 15.375404
15616 1475070164.537812 -0.005493 -0.005493 15.375404
15617 1475070164.548091 -0.005493 -0.005493 15.375404
15618 1475070164.558071 -0.005493 -0.005493 15.375404
15619 1475070164.568069 -0.005493 -0.005493 15.375404
15620 1475070164.578189 -0.005493 -0.005493 15.375404
15621 1475070164.588310 -0.005493 -0.005493 15.375404
15622 1475070164.598958 -0.005493 -0.005493 15.375404
15623 1475070164.608733 -0.005493 -0.005493 15.375404
15624 1475070164.618734 -0.005493 -0.005493 15.375404
15625 1475070164.628779 -0.005493 -0.005493 15.375404
15626 1475070164.638860 -0.005493 -0.005493 15.375404
15627 1475070164.649178 -0.005493 -0.005493 15.375404
15628 1475070164.659248 -0.005493 -0.005493 15.375404
15629 1475070164.669352 -0.005493 -0.005493 15.375404
15630 1475070164.679626 -0.005493 -0.005493 15.375404
15631 1475070164.689680 -0.005493 -0.005493 15.375404
15632 1475070164.699798 -0.005493 -0.005493 15.375404
15633 1475070164.710000 -0.005493 -0.005493 15.375404
15634 1475070164.720098 -0.093384 -0.005493 15.375404
15635 1475070164.730201 -0.093384 -0.005493 15.375404
15636 1475070164.740378 -0.005493 -0.005493 15.375404
15637 1475070164.750493 -0.005493 -0.005493 15.375404
15638 1475070164.760863 -0.005493 -0.005493 15.375404
15639 1475070164.770993 -0.005493 -0.005493 15.375404
15640 1475070164.781087 -0.005493 -0.005493 15.375404
15641 1475070164.791487 -0.005493 -0.005493 15.375404
15642 1475070164.801703 -0.005493 -0.005493 15.375404
15643 1475070164.811673 -0.005493 -0.005493 15.375404
15644 1475070164.821817 -0.005493 -0.005493 15.375404
15645 1475070164.832664 -0.005493 -0.005493 15.375404
15646 1475070164.842752 -0.005493 -0.005493 15.375404
15647 1475070164.852993 -0.005493 -0.005493 15.375404
15648 1475070164.863177 -0.005493 -0.005493 15.375404
15649 1475070164.873340 -0.005493 -0.005493 15.375404
15650 1475070164.884375 -0.005493 -0.005493 15.375404
15651 1475070164.893967 -0.005493 -0.005493 15.375404
15652 1475070164.904019 -0.005493 -0.005493 15.375404
15653 1475070164.914099 -0.005493 -0.005493 15.375404
15654 1475070164.924234 -0.005493 -0.005493 15.375404
15655 1475070164.934697 -0.005493 -0.005493 15.375404
15656 1475070164.944529 -0.093384 -0.005493 15.375404
15657 1475070164.954826 -0.005493 -0.005493 15.375404
15658 1475070164.965153 -0.005493 -0.005493 15.375404
15659 1475070164.975129 -0.005493 -0.005493 15.375404
15660 1475070164.985249 -0.005493 -0.005493 15.375404
15661 1475070164.995395 -0.005493 -0.005493 15.375404
15662 1475070165.005463 -0.005493 -0.005493 15.375404
15663 1475070165.015615 -0.005493 -0.005493 15.375404
15664 1475070165.025791 -0.005493 -0.005493 15.375404
15665 1475070165.035819 -0.005493 -0.005493 15.375404
15666 1475070165.042850 -0.005493 -0.005493 15.375404
15667 1475070165.056099 -0.005493 -0.005493 15.375404
15668 1475070165.066217 -0.005493 -0.005493 15.375404
15669 1475070165.071510 -0.005493 -0.005493 15.375404
15670 1475070165.081894 -0.005493 -0.005493 15.375404
15671 1475070165.091974 -0.005493 -0.005493 15.375404
15672 1475070165.101896 -0.005493 -0.005493 15.375404
15673 1475070165.112174 -0.005493 -0.005493 15.375404
15674 1475070165.122347 -0.005493 -0.005493 15.375404
15675 1475070165.132525 -0.005493 -0.005493 15.375404
15676 1475070165.142630 -0.005493 -0.005493 15.375404
15677 1475070165.152719 -0.005493 -0.005493 15.375404
15678 1475070165.162877 -0.005493 -0.005493 15.375404
15679 1475070165.173442 -0.005493 -0.005493 15.375404
15680 1475070165.183237 -0.005493 -0.005493 15.375404
15681 1475070165.193290 -0.005493 -0.005493 15.375404
15682 1475070165.204080 -0.005493 -0.005493 15.375404
15683 1475070165.214229 -0.005493 -0.005493 15.375404
15684 1475070165.224336 -0.005493 -0.005493 15.375404
15685 1475070165.234459 -0.005493 -0.005493 15.375404
15686 1475070165.244644 -0.005493 -0.005493 15.375404
15687 1475070165.252023 -0.005493 -0.005493 15.375404
15688 1475070165.265588 -0.005493 -0.005493 15.375404
15689 1475070165.275769 -0.005493 -0.005493 15.375404
15690 1475070165.287994 -0.005493 -0.005493 15.375404
15691 1475070165.296713 -0.005493 -0.005493 15.375404
15692 1475070165.306668 -0.005493 -0.005493 15.375404
15693 1475070165.317331 -0.005493 -0.005493 15.375404
15694 1475070165.327571 -0.005493 -0.005493 15.375404
15695 1475070165.337677 -0.005493 -0.005493 15.375404
15696 1475070165.342062 -0.005493 -0.005493 15.375404
15697 1475070165.357447 -0.005493 -0.005493 15.375404
15698 1475070165.367968 -0.005493 -0.005493 15.375404
15699 1475070165.378127 -0.005493 -0.005493 15.375404
15700 1475070165.388226 -0.005493 -0.005493 15.375404
15701 1475070165.392865 -0.005493 -0.005493 15.375404
15702 1475070165.408251 -0.005493 -0.005493 15.375404
15703 1475070165.418181 -0.005493 -0.005493 15.375404
15704 1475070165.428452 -0.005493 -0.005493 15.375404
15705 1475070165.438640 -0.005493 -0.005493 15.375404
15706 1475070165.448898 -0.005493 -0.005493 15.375404
15707 1475070165.458832 -0.005493 -0.005493 15.375404
15708 1475070165.468959 -0.005493 -0.005493 15.375404
15709 1475070165.478984 -0.005493 -0.005493 15.375404
15710 1475070165.489265 -0.005493 -0.005493 15.375404
15711 1475070165.499358 -0.005493 -0.005493 15.375404
15712 1475070165.509409 -0.005493 -0.005493 15.375404
15713 1475070165.519469 -0.093384 -0.005493 15.375404
15714 1475070165.529515 -0.005493 -0.005493 15.375404
15715 1475070165.539660 -0.005493 -0.005493 15.375404
15716 1475070165.549849 -0.005493 -0.005493 15.375404
15717 1475070165.559900 -0.005493 -0.005493 15.375404
15718 1475070165.570007 -0.005493 -0.005493 15.375404
15719 1475070165.580139 -0.005493 -0.005493 15.375404
15720 1475070165.590244 -0.005493 -0.005493 15.375404
15721 1475070165.600402 -0.005493 -0.005493 15.375404
15722 1475070165.610518 -0.005493 -0.005493 15.375404
15723 1475070165.620544 -0.005493 -0.005493 15.375404
15724 1475070165.630698 -0.005493 -0.005493 15.375404
15725 1475070165.640857 -0.005493 -0.005493 15.375404
15726 1475070165.650976 -0.005493 -0.005493 15.375404
15727 1475070165.661098 -0.005493 -0.005493 15.375404
15728 1475070165.671577 -0.005493 -0.005493 15.375404
15729 1475070165.682239 -0.005493 -0.005493 15.375404
15730 1475070165.692056 -0.005493 -0.005493 15.375404
15731 1475070165.702262 -0.005493 -0.005493 15.375404
15732 1475070165.712211 -0.005493 -0.005493 15.375404
15733 1475070165.722439 -0.005493 -0.005493 15.375404
15734 1475070165.732605 -0.005493 -0.005493 15.375404
15735 1475070165.742885 -0.005493 -0.005493 15.375404
15736 1475070165.752867 -0.005493 -0.005493 15.375404
15737 1475070165.762968 -0.005493 -0.005493 15.375404
15738 1475070165.773164 -0.005493 -0.005493 15.375404
15739 1475070165.783294 -0.005493 -0.005493 15.375404
15740 1475070165.793428 -0.005493 -0.005493 15.375404
15741 1475070165.803546 -0.005493 -0.005493 15.375404
15742 1475070165.813604 -0.005493 -0.005493 15.375404
15743 1475070165.823853 -0.005493 -0.005493 15.375404
15744 1475070165.833861 -0.005493 -0.005493 15.375404
15745 1475070165.844244 -0.005493 -0.005493 15.375404
15746 1475070165.854058 -0.005493 -0.005493 15.375404
15747 1475070165.864232 -0.005493 -0.005493 15.375404
15748 1475070165.875292 -0.005493 -0.005493 15.375404
15749 1475070165.884422 -0.005493 -0.005493 15.375404
15750 1475070165.895421 -0.005493 -0.005493 15.375404
15751 1475070165.901860 -0.005493 -0.005493 15.375404
15752 1475070165.915444 -0.005493 -0.005493 15.375404
15753 1475070165.925580 -0.005493 -0.005493 15.375404
15754 1475070165.935778 -0.005493 -0.005493 15.375404
15755 1475070165.941985 -0.005493 -0.005493 15.375404
15756 1475070165.956058 -0.005493 -0.005493 15.375404
15757 1475070165.966668 -0.005493 -0.005493 15.375404
15758 1475070165.971647 -0.005493 -0.005493 15.375404
15759 1475070165.982778 -0.005493 -0.005493 15.375404
15760 1475070165.992846 -0.005493 -0.005493 15.375404
15761 1475070166.002964 -0.005493 -0.005493 15.375404
15762 1475070166.013133 -0.005493 -0.005493 15.375404
15763 1475070166.023273 -0.005493 -0.005493 15.375404
15764 1475070166.033490 -0.005493 -0.005493 15.375404
15765 1475070166.043523 -0.005493 -0.005493 15.375404
15766 1475070166.053970 -0.005493 -0.005493 15.375404
15767 1475070166.064140 -0.005493 -0.005493 15.375404
15768 1475070166.074212 -0.005493 -0.005493 15.375404
15769 1475070166.084282 -0.005493 -0.005493 15.375404
15770 1475070166.094397 -0.005493 -0.005493 15.375404
15771 1475070166.105199 -0.005493 -0.005493 15.375404
15772 1475070166.115409 -0.005493 -0.005493 15.375404
15773 1475070166.125482 -0.005493 -0.005493 15.375404
15774 1475070166.135600 -0.005493 -0.005493 15.375404
15775 1475070166.145665 -0.005493 -0.005493 15.375404
15776 1475070166.156837 -0.005493 -0.005493 15.375404
15777 1475070166.165954 -0.005493 -0.005493 15.375404
15778 1475070166.176787 -0.005493 -0.005493 15.375404
15779 1475070166.187296 -0.005493 -0.005493 15.375404
15780 1475070166.197780 -0.005493 -0.005493 15.375404
15781 1475070166.207411 -0.005493 -0.005493 15.375404
15782 1475070166.217758 -0.005493 -0.005493 15.375404
15783 1475070166.224188 -0.005493 -0.005493 15.375404
15784 1475070166.234302 -0.005493 -0.005493 15.375404
15785 1475070166.244442 -0.005493 -0.005493 15.375404
15786 1475070166.254528 -0.005493 -0.005493 15.375404
15787 1475070166.264720 -0.005493 -0.005493 15.375404
15788 1475070166.274810 -0.005493 -0.005493 15.375404
15789 1475070166.284960 -0.005493 -0.005493 15.375404
15790 1475070166.295091 -0.005493 -0.005493 15.375404
15791 1475070166.305302 -0.005493 -0.005493 15.375404
15792 1475070166.315468 -0.005493 -0.005493 15.375404
15793 1475070166.325554 -0.005493 -0.005493 15.375404
15794 1475070166.335858 -0.005493 -0.005493 15.375404
15795 1475070166.346783 -0.005493 -0.005493 15.375404
15796 1475070166.357010 -0.005493 -0.005493 15.375404
15797 1475070166.366967 -0.005493 -0.005493 15.375404
15798 1475070166.377085 -0.005493 -0.005493 15.375404
15799 1475070166.387259 -0.005493 -0.005493 15.375404
15800 1475070166.397474 -0.005493 -0.005493 15.375404
15801 1475070166.407473 -0.005493 -0.005493 15.375404
15802 1475070166.417579 -0.005493 -0.005493 15.375404
15803 1475070166.428648 -0.005493 -0.005493 15.375404
15804 1475070166.438242 -0.005493 -0.005493 15.375404
15805 1475070166.449426 -0.005493 -0.005493 15.375404
15806 1475070166.458484 -0.005493 -0.005493 15.375404
15807 1475070166.469091 -0.005493 -0.005493 15.375404
15808 1475070166.478918 -0.005493 -0.005493 15.375404
15809 1475070166.489221 -0.005493 -0.005493 15.375404
15810 1475070166.499361 -0.005493 -0.005493 15.375404
15811 1475070166.509539 -0.005493 -0.005493 15.375404
15812 1475070166.519291 -0.005493 -0.005493 15.375404
15813 1475070166.529771 -0.005493 -0.005493 15.375404
15814 1475070166.539546 -0.005493 -0.005493 15.375404
15815 1475070166.549764 -0.005493 -0.005493 15.375404
15816 1475070166.559869 -0.005493 -0.005493 15.375404
15817 1475070166.570004 -0.005493 -0.005493 15.375404
15818 1475070166.580153 -0.005493 -0.005493 15.375404
15819 1475070166.590250 -0.005493 -0.005493 15.375404
15820 1475070166.600481 -0.005493 -0.005493 15.375404
15821 1475070166.610461 -0.005493 -0.005493 15.375404
15822 1475070166.616483 -0.005493 -0.005493 15.375404
15823 1475070166.626662 -0.005493 -0.005493 15.375404
15824 1475070166.641436 -0.005493 -0.005493 15.375404
15825 1475070166.651767 -0.005493 -0.005493 15.375404
15826 1475070166.661707 -0.005493 -0.005493 15.375404
15827 1475070166.671940 -0.005493 -0.005493 15.375404
15828 1475070166.682030 -0.005493 -0.005493 15.375404
15829 1475070166.692125 -0.005493 -0.005493 15.375404
15830 1475070166.702550 -0.005493 -0.005493 15.375404
15831 1475070166.712592 -0.005493 -0.005493 15.375404
15832 1475070166.722781 -0.005493 -0.005493 15.375404
15833 1475070166.732883 -0.005493 -0.005493 15.375404
15834 1475070166.742965 -0.005493 -0.005493 15.375404
15835 1475070166.753073 -0.005493 -0.005493 15.375404
15836 1475070166.763159 -0.005493 -0.005493 15.375404
15837 1475070166.773285 -0.005493 -0.005493 15.375404
15838 1475070166.783412 -0.005493 -0.005493 15.375404
15839 1475070166.793547 -0.005493 -0.005493 15.375404
15840 1475070166.803761 -0.005493 -0.005493 15.375404
15841 1475070166.813787 -0.005493 -0.005493 15.375404
15842 1475070166.823920 -0.005493 -0.005493 15.375404
15843 1475070166.834011 -0.005493 -0.005493 15.375404
15844 1475070166.844120 -0.005493 -0.005493 15.375404
15845 1475070166.854281 -0.005493 -0.005493 15.375404
15846 1475070166.864343 -0.005493 -0.005493 15.375404
15847 1475070166.874430 -0.005493 -0.005493 15.375404
15848 1475070166.884627 -0.005493 -0.005493 15.375404
15849 1475070166.894689 -0.005493 -0.005493 15.375404
15850 1475070166.904782 -0.005493 -0.005493 15.375404
15851 1475070166.915368 -0.005493 -0.005493 15.375404
15852 1475070166.924992 -0.005493 -0.005493 15.375404
15853 1475070166.935535 -0.005493 -0.005493 15.375404
15854 1475070166.945626 -0.005493 -0.005493 15.375404
15855 1475070166.951959 -0.005493 -0.005493 15.375404
15856 1475070166.965854 -0.005493 -0.005493 15.375404
15857 1475070166.972116 -0.005493 -0.005493 15.375404
15858 1475070166.981583 -0.005493 -0.005493 15.375404
15859 1475070166.992093 -0.005493 -0.005493 15.375404
15860 1475070167.002039 -0.005493 -0.005493 15.375404
15861 1475070167.012871 -0.005493 -0.005493 15.375404
15862 1475070167.022901 -0.005493 -0.005493 15.375404
15863 1475070167.033436 -0.005493 -0.005493 15.375404
15864 1475070167.043496 -0.005493 -0.005493 15.375404
15865 1475070167.053289 -0.005493 -0.005493 15.375404
15866 1475070167.063872 -0.005493 -0.005493 15.375404
15867 1475070167.073983 -0.093384 -0.005493 15.375404
15868 1475070167.084046 -0.093384 -0.005493 15.375404
15869 1475070167.094199 -0.093384 -0.005493 15.375404
15870 1475070167.101596 -0.093384 -0.005493 15.375404
15871 1475070167.114474 -0.093384 -0.005493 15.375404
15872 1475070167.124618 -0.093384 -0.005493 15.375404
15873 1475070167.134800 -0.005493 -0.005493 15.375404
15874 1475070167.144825 -0.005493 -0.005493 15.375404
15875 1475070167.152007 -0.005493 -0.005493 15.375404
15876 1475070167.165242 -0.005493 -0.005493 15.375404
15877 1475070167.175393 -0.005493 -0.005493 15.375404
15878 1475070167.185496 -0.005493 -0.005493 15.375404
15879 1475070167.195589 -0.005493 -0.005493 15.375404
15880 1475070167.205769 -0.005493 -0.005493 15.375404
15881 1475070167.215888 -0.005493 -0.005493 15.375404
15882 1475070167.225993 -0.005493 -0.005493 15.375404
15883 1475070167.236117 -0.005493 -0.005493 15.375404
15884 1475070167.246536 -0.005493 -0.005493 15.375404
15885 1475070167.256709 -0.005493 -0.005493 15.375404
15886 1475070167.266697 -0.093384 -0.005493 15.375404
15887 1475070167.276862 -0.005493 -0.005493 15.375404
15888 1475070167.286901 -0.093384 -0.005493 15.375404
15889 1475070167.297113 -0.093384 -0.005493 15.375404
15890 1475070167.307209 -0.093384 -0.005493 15.375404
15891 1475070167.317350 -0.093384 -0.005493 15.375404
15892 1475070167.327493 -0.093384 -0.005493 15.375404
15893 1475070167.337632 -0.005493 -0.005493 15.375404
15894 1475070167.348092 -0.005493 -0.005493 15.375404
15895 1475070167.357885 -0.005493 -0.005493 15.375404
15896 1475070167.368110 -0.005493 -0.005493 15.375404
15897 1475070167.378193 -0.005493 -0.005493 15.375404
15898 1475070167.384990 -0.005493 -0.005493 15.375404
15899 1475070167.398582 -0.005493 -0.005493 15.375404
15900 1475070167.408637 -0.005493 -0.005493 15.375404
15901 1475070167.418601 -0.005493 -0.005493 15.375404
15902 1475070167.428753 -0.005493 -0.005493 15.375404
15903 1475070167.439013 -0.005493 -0.005493 15.375404
15904 1475070167.449257 -0.005493 -0.005493 15.375404
15905 1475070167.459370 -0.005493 -0.005493 15.375404
15906 1475070167.469507 -0.005493 -0.005493 15.375404
15907 1475070167.479707 -0.005493 -0.005493 15.375404
15908 1475070167.485378 -0.005493 -0.005493 15.375404
15909 1475070167.492075 -0.093384 -0.005493 15.375404
15910 1475070167.503644 -0.005493 -0.005493 15.375404
15911 1475070167.515763 -0.005493 -0.005493 15.375404
15912 1475070167.526625 -0.005493 -0.005493 15.375404
15913 1475070167.536736 -0.005493 -0.005493 15.375404
15914 1475070167.547264 -0.005493 -0.005493 15.375404
15915 1475070167.557140 -0.005493 -0.005493 15.375404
15916 1475070167.567420 -0.005493 -0.005493 15.375404
15917 1475070167.577451 -0.005493 -0.005493 15.375404
15918 1475070167.587542 -0.005493 -0.005493 15.375404
15919 1475070167.597814 -0.005493 -0.005493 15.375404
15920 1475070167.607841 -0.005493 -0.005493 15.375404
15921 1475070167.617883 -0.005493 -0.005493 15.375404
15922 1475070167.628090 -0.005493 -0.005493 15.375404
15923 1475070167.638229 -0.005493 -0.005493 15.375404
15924 1475070167.648473 -0.005493 -0.005493 15.375404
15925 1475070167.658487 -0.005493 -0.005493 15.375404
15926 1475070167.668661 -0.005493 -0.005493 15.375404
15927 1475070167.678757 -0.093384 -0.005493 15.375404
15928 1475070167.688848 -0.093384 -0.005493 15.375404
15929 1475070167.699056 -0.005493 -0.005493 15.375404
15930 1475070167.709093 -0.093384 -0.005493 15.375404
15931 1475070167.719223 -0.005493 -0.005493 15.375404
15932 1475070167.729404 -0.005493 -0.005493 15.375404
15933 1475070167.739500 -0.005493 -0.005493 15.375404
15934 1475070167.749681 -0.005493 -0.005493 15.375404
15935 1475070167.759768 -0.005493 -0.005493 15.375404
15936 1475070167.769864 -0.005493 -0.005493 15.375404
15937 1475070167.779991 -0.005493 -0.005493 15.375404
15938 1475070167.790113 -0.005493 -0.005493 15.375404
15939 1475070167.800352 -0.005493 -0.005493 15.375404
15940 1475070167.810433 -0.005493 -0.005493 15.375404
15941 1475070167.820588 -0.005493 -0.005493 15.375404
15942 1475070167.830716 -0.005493 -0.005493 15.375404
15943 1475070167.840844 -0.005493 -0.005493 15.375404
15944 1475070167.846583 -0.005493 -0.005493 15.375404
15945 1475070167.856476 -0.005493 -0.005493 15.375404
15946 1475070167.871624 -0.005493 -0.005493 15.375404
15947 1475070167.877099 -0.093384 -0.005493 15.375404
15948 1475070167.887131 -0.005493 -0.005493 15.375404
15949 1475070167.902250 -0.093384 -0.005493 15.375404
15950 1475070167.912400 -0.005493 -0.005493 15.375404
15951 1475070167.922478 -0.005493 -0.005493 15.375404
15952 1475070167.932660 -0.005493 -0.005493 15.375404
15953 1475070167.942603 -0.005493 -0.005493 15.375404
15954 1475070167.952660 -0.005493 -0.005493 15.375404
15955 1475070167.958482 -0.005493 -0.005493 15.375404
15956 1475070167.968473 -0.005493 -0.005493 15.375404
15957 1475070167.978540 -0.005493 -0.005493 15.375404
15958 1475070167.988905 -0.005493 -0.005493 15.375404
15959 1475070167.999301 -0.005493 -0.005493 15.375404
15960 1475070168.009489 -0.005493 -0.005493 15.375404
15961 1475070168.019502 -0.005493 -0.005493 15.375404
15962 1475070168.029587 -0.005493 -0.005493 15.375404
15963 1475070168.039787 -0.005493 -0.005493 15.375404
15964 1475070168.052105 -0.005493 -0.005493 15.375404
15965 1475070168.059955 -0.005493 -0.005493 15.375404
15966 1475070168.070142 -0.093384 -0.005493 15.375404
15967 1475070168.080277 -0.005493 -0.005493 15.375404
15968 1475070168.090426 -0.005493 -0.005493 15.375404
15969 1475070168.096647 -0.005493 -0.005493 15.375404
15970 1475070168.106615 -0.005493 -0.005493 15.375404
15971 1475070168.116695 -0.005493 -0.005493 15.375404
15972 1475070168.131426 -0.005493 -0.005493 15.375404
15973 1475070168.141796 -0.005493 -0.005493 15.375404
15974 1475070168.152042 -0.005493 -0.005493 15.375404
15975 1475070168.162129 -0.005493 -0.005493 15.375404
15976 1475070168.172432 -0.005493 -0.005493 15.375404
15977 1475070168.182760 -0.005493 -0.005493 15.375404
15978 1475070168.192648 -0.005493 -0.005493 15.375404
15979 1475070168.202974 -0.005493 -0.005493 15.375404
15980 1475070168.212881 -0.005493 -0.005493 15.375404
15981 1475070168.223257 -0.005493 -0.005493 15.375404
15982 1475070168.233446 -0.005493 -0.005493 15.375404
15983 1475070168.243670 -0.005493 -0.005493 15.375404
15984 1475070168.251896 -0.005493 -0.005493 15.375404
15985 1475070168.263851 -0.005493 -0.005493 15.375404
15986 1475070168.273941 -0.005493 -0.005493 15.375404
15987 1475070168.284142 -0.005493 -0.005493 15.375404
15988 1475070168.294283 -0.005493 -0.005493 15.375404
15989 1475070168.304422 -0.005493 -0.005493 15.375404
15990 1475070168.314552 -0.005493 -0.005493 15.375404
15991 1475070168.324775 -0.093384 -0.005493 15.375404
15992 1475070168.332026 -0.005493 -0.005493 15.375404
15993 1475070168.344907 -0.005493 -0.005493 15.375404
15994 1475070168.355072 -0.005493 -0.005493 15.375404
15995 1475070168.365217 -0.005493 -0.005493 15.375404
15996 1475070168.373262 -0.005493 -0.005493 15.375404
15997 1475070168.382352 -0.005493 -0.005493 15.375404
15998 1475070168.393109 -0.005493 -0.005493 15.375404
15999 1475070168.403028 -0.005493 -0.005493 15.375404
16000 1475070168.413408 -0.005493 -0.005493 15.375404
16001 1475070168.423943 -0.005493 -0.005493 15.375404
16002 1475070168.433850 -0.005493 -0.005493 15.375404
16003 1475070168.443575 -0.005493 -0.005493 15.375404
16004 1475070168.454063 -0.093384 -0.005493 15.375404
16005 1475070168.464525 -0.005493 -0.005493 15.375404
16006 1475070168.474273 -0.005493 -0.005493 15.375404
16007 1475070168.484839 -0.005493 -0.005493 15.375404
16008 1475070168.495000 -0.005493 -0.005493 15.375404
16009 1475070168.505228 -0.005493 -0.005493 15.375404
16010 1475070168.515254 -0.005493 -0.005493 15.375404
16011 1475070168.525424 -0.005493 -0.005493 15.375404
16012 1475070168.535526 -0.005493 -0.005493 15.375404
16013 1475070168.545612 -0.005493 -0.005493 15.375404
16014 1475070168.555766 -0.005493 -0.005493 15.375404
16015 1475070168.565926 -0.005493 -0.005493 15.375404
16016 1475070168.576015 -0.005493 -0.005493 15.375404
16017 1475070168.581510 -0.005493 -0.005493 15.375404
16018 1475070168.596558 -0.005493 -0.005493 15.375404
16019 1475070168.606675 -0.005493 -0.005493 15.375404
16020 1475070168.616797 -0.005493 -0.005493 15.375404
16021 1475070168.626881 -0.005493 -0.005493 15.375404
16022 1475070168.637000 -0.005493 -0.005493 15.375404
16023 1475070168.647093 -0.005493 -0.005493 15.375404
16024 1475070168.657165 -0.005493 -0.005493 15.375404
16025 1475070168.667310 -0.093384 -0.005493 15.375404
16026 1475070168.677499 -0.005493 -0.005493 15.375404
16027 1475070168.687613 -0.005493 -0.005493 15.375404
16028 1475070168.693237 -0.005493 -0.005493 15.375404
16029 1475070168.703552 -0.005493 -0.005493 15.375404
16030 1475070168.714094 -0.005493 -0.005493 15.375404
16031 1475070168.724202 -0.005493 -0.005493 15.375404
16032 1475070168.734386 -0.005493 -0.005493 15.375404
16033 1475070168.744447 -0.005493 -0.005493 15.375404
16034 1475070168.754666 -0.005493 -0.005493 15.375404
16035 1475070168.764874 -0.005493 -0.005493 15.375404
16036 1475070168.775012 -0.005493 -0.005493 15.375404
16037 1475070168.785252 -0.005493 -0.005493 15.375404
16038 1475070168.795573 -0.005493 -0.005493 15.375404
16039 1475070168.801458 -0.005493 -0.005493 15.375404
16040 1475070168.815826 -0.005493 -0.005493 15.375404
16041 1475070168.825949 -0.005493 -0.005493 15.375404
16042 1475070168.836496 -0.005493 -0.005493 15.375404
16043 1475070168.846675 -0.005493 -0.005493 15.375404
16044 1475070168.857370 -0.005493 -0.005493 15.375404
16045 1475070168.867435 -0.005493 -0.005493 15.375404
16046 1475070168.877415 -0.005493 -0.005493 15.375404
16047 1475070168.887640 -0.005493 -0.005493 15.375404
16048 1475070168.897985 -0.005493 -0.005493 15.375404
16049 1475070168.907916 -0.005493 -0.005493 15.375404
16050 1475070168.917905 -0.005493 -0.005493 15.375404
16051 1475070168.927982 -0.005493 -0.005493 15.375404
16052 1475070168.938214 -0.005493 -0.005493 15.375404
16053 1475070168.948289 -0.005493 -0.005493 15.375404
16054 1475070168.958334 -0.005493 -0.005493 15.375404
16055 1475070168.968446 -0.005493 -0.005493 15.375404
16056 1475070168.978586 -0.005493 -0.005493 15.375404
16057 1475070168.988696 -0.005493 -0.005493 15.375404
16058 1475070168.998898 -0.005493 -0.005493 15.375404
16059 1475070169.009021 -0.005493 -0.005493 15.375404
16060 1475070169.019115 -0.005493 -0.005493 15.375404
16061 1475070169.029243 -0.005493 -0.005493 15.375404
16062 1475070169.039464 -0.005493 -0.005493 15.375404
16063 1475070169.049549 -0.005493 -0.005493 15.375404
16064 1475070169.056822 -0.005493 -0.005493 15.375404
16065 1475070169.069818 -0.005493 -0.005493 15.375404
16066 1475070169.076663 -0.005493 -0.005493 15.375404
16067 1475070169.090099 -0.005493 -0.005493 15.375404
16068 1475070169.100182 -0.005493 -0.005493 15.375404
16069 1475070169.110379 -0.005493 -0.005493 15.375404
16070 1475070169.120481 -0.005493 -0.005493 15.375404
16071 1475070169.130576 -0.005493 -0.005493 15.375404
16072 1475070169.140734 -0.005493 -0.005493 15.375404
16073 1475070169.150867 -0.005493 -0.005493 15.375404
16074 1475070169.156856 -0.005493 -0.005493 15.375404
16075 1475070169.171068 -0.005493 -0.005493 15.375404
16076 1475070169.177426 -0.005493 -0.005493 15.375404
16077 1475070169.187645 -0.005493 -0.005493 15.375404
16078 1475070169.197733 -0.005493 -0.005493 15.375404
16079 1475070169.208153 -0.005493 -0.005493 15.375404
16080 1475070169.217955 -0.005493 -0.005493 15.375404
16081 1475070169.228334 -0.005493 -0.005493 15.375404
16082 1475070169.238536 -0.005493 -0.005493 15.375404
16083 1475070169.248632 -0.005493 -0.005493 15.375404
16084 1475070169.258715 -0.005493 -0.005493 15.375404
16085 1475070169.268820 -0.005493 -0.005493 15.375404
16086 1475070169.279119 -0.005493 -0.005493 15.375404
16087 1475070169.288926 -0.005493 -0.005493 15.375404
16088 1475070169.299511 -0.005493 -0.005493 15.375404
16089 1475070169.309504 -0.005493 -0.005493 15.375404
16090 1475070169.319506 -0.005493 -0.005493 15.375404
16091 1475070169.329659 -0.005493 -0.005493 15.375404
16092 1475070169.339766 -0.005493 -0.005493 15.375404
16093 1475070169.350373 -0.005493 -0.005493 15.375404
16094 1475070169.361630 -0.005493 -0.005493 15.375404
16095 1475070169.372105 -0.005493 -0.005493 15.375404
16096 1475070169.382000 -0.005493 -0.005493 15.375404
16097 1475070169.392156 -0.005493 -0.005493 15.375404
16098 1475070169.402677 -0.005493 -0.005493 15.375404
16099 1475070169.411660 -0.005493 -0.005493 15.375404
16100 1475070169.422129 -0.005493 -0.005493 15.375404
16101 1475070169.432135 -0.005493 -0.005493 15.375404
16102 1475070169.442651 -0.005493 -0.005493 15.375404
16103 1475070169.452843 -0.005493 -0.005493 15.375404
16104 1475070169.462927 -0.005493 -0.005493 15.375404
16105 1475070169.473030 -0.005493 -0.005493 15.375404
16106 1475070169.483165 -0.005493 -0.005493 15.375404
16107 1475070169.493164 -0.005493 -0.005493 15.375404
16108 1475070169.501792 -0.005493 -0.005493 15.375404
16109 1475070169.513569 -0.005493 -0.005493 15.375404
16110 1475070169.523622 -0.005493 -0.005493 15.375404
16111 1475070169.533624 -0.005493 -0.005493 15.375404
16112 1475070169.543876 -0.005493 -0.005493 15.375404
16113 1475070169.553955 -0.005493 -0.005493 15.375404
16114 1475070169.564254 -0.005493 -0.005493 15.375404
16115 1475070169.574300 -0.005493 -0.005493 15.375404
16116 1475070169.579398 -0.005493 -0.005493 15.375404
16117 1475070169.589492 -0.005493 -0.005493 15.375404
16118 1475070169.599895 -0.005493 -0.005493 15.375404
16119 1475070169.609781 -0.005493 -0.005493 15.375404
16120 1475070169.619998 -0.005493 -0.005493 15.375404
16121 1475070169.630137 -0.005493 -0.005493 15.375404
16122 1475070169.640247 -0.005493 -0.005493 15.375404
16123 1475070169.652901 -0.005493 -0.005493 15.375404
16124 1475070169.662132 -0.005493 -0.005493 15.375404
16125 1475070169.670664 -0.005493 -0.005493 15.375404
16126 1475070169.680816 -0.005493 -0.005493 15.375404
16127 1475070169.692791 -0.005493 -0.005493 15.375404
16128 1475070169.703324 -0.005493 -0.005493 15.375404
16129 1475070169.711545 -0.005493 -0.005493 15.375404
16130 1475070169.723283 -0.005493 -0.005493 15.375404
16131 1475070169.731846 -0.005493 -0.005493 15.375404
16132 1475070169.741961 -0.005493 -0.005493 15.375404
16133 1475070169.752562 -0.005493 -0.005493 15.375404
16134 1475070169.762297 -0.005493 -0.005493 15.375404
16135 1475070169.772413 -0.005493 -0.005493 15.375404
16136 1475070169.782569 -0.005493 -0.005493 15.375404
16137 1475070169.792612 -0.005493 -0.005493 15.375404
16138 1475070169.802923 -0.005493 -0.005493 15.375404
16139 1475070169.812963 -0.005493 -0.005493 15.375404
16140 1475070169.823087 -0.005493 -0.005493 15.375404
16141 1475070169.833277 -0.005493 -0.005493 15.375404
16142 1475070169.843542 -0.005493 -0.005493 15.375404
16143 1475070169.851528 -0.005493 -0.005493 15.375404
16144 1475070169.863817 -0.005493 -0.005493 15.375404
16145 1475070169.874093 -0.005493 -0.005493 15.375404
16146 1475070169.884247 -0.005493 -0.005493 15.375404
16147 1475070169.894299 -0.005493 -0.005493 15.375404
16148 1475070169.904414 -0.005493 -0.005493 15.375404
16149 1475070169.914761 -0.005493 -0.005493 15.375404
16150 1475070169.924738 -0.005493 -0.005493 15.375404
16151 1475070169.934824 -0.005493 -0.005493 15.375404
16152 1475070169.944953 -0.005493 -0.005493 15.375404
16153 1475070169.954986 -0.005493 -0.005493 15.375404
16154 1475070169.965112 -0.005493 -0.005493 15.375404
16155 1475070169.975364 -0.005493 -0.005493 15.375404
16156 1475070169.985397 -0.005493 -0.005493 15.375404
16157 1475070169.995535 -0.005493 -0.005493 15.375404
16158 1475070170.005738 -0.005493 -0.005493 15.375404
16159 1475070170.015820 -0.005493 -0.005493 15.375404
16160 1475070170.025990 -0.005493 -0.005493 15.375404
16161 1475070170.036613 -0.005493 -0.005493 15.375404
16162 1475070170.046875 -0.005493 -0.005493 15.375404
16163 1475070170.056862 -0.005493 -0.005493 15.375404
16164 1475070170.067093 -0.005493 -0.005493 15.375404
16165 1475070170.077169 -0.005493 -0.005493 15.375404
16166 1475070170.087230 -0.005493 -0.005493 15.375404
16167 1475070170.093091 -0.005493 -0.005493 15.375404
16168 1475070170.103366 -0.005493 -0.005493 15.375404
16169 1475070170.113333 -0.005493 -0.005493 15.375404
16170 1475070170.123459 -0.005493 -0.005493 15.375404
16171 1475070170.133621 -0.005493 -0.005493 15.375404
16172 1475070170.143760 -0.005493 -0.005493 15.375404
16173 1475070170.153835 -0.005493 -0.005493 15.375404
16174 1475070170.164061 -0.005493 -0.005493 15.375404
16175 1475070170.174131 -0.005493 -0.005493 15.375404
16176 1475070170.184249 -0.005493 -0.005493 15.375404
16177 1475070170.194356 -0.005493 -0.005493 15.375404
16178 1475070170.204461 -0.005493 -0.005493 15.375404
16179 1475070170.214927 -0.005493 -0.005493 15.375404
16180 1475070170.224728 -0.005493 -0.005493 15.375404
16181 1475070170.234868 -0.005493 -0.005493 15.375404
16182 1475070170.245452 -0.005493 -0.005493 15.375404
16183 1475070170.252671 -0.005493 -0.005493 15.375404
16184 1475070170.265417 -0.005493 -0.005493 15.375404
16185 1475070170.275367 -0.005493 -0.005493 15.375404
16186 1475070170.286795 -0.005493 -0.005493 15.375404
16187 1475070170.295769 -0.005493 -0.005493 15.375404
16188 1475070170.302182 -0.005493 -0.005493 15.375404
16189 1475070170.316494 -0.005493 -0.005493 15.375404
16190 1475070170.321653 -0.005493 -0.005493 15.375404
16191 1475070170.336571 -0.005493 -0.005493 15.375404
16192 1475070170.346877 -0.005493 -0.005493 15.375404
16193 1475070170.356967 -0.005493 -0.005493 15.375404
16194 1475070170.367014 -0.005493 -0.005493 15.375404
16195 1475070170.377296 -0.005493 -0.005493 15.375404
16196 1475070170.387327 -0.005493 -0.005493 15.375404
16197 1475070170.398256 -0.005493 -0.005493 15.375404
16198 1475070170.407808 -0.005493 -0.005493 15.375404
16199 1475070170.417686 -0.005493 -0.005493 15.375404
16200 1475070170.429191 -0.005493 -0.005493 15.375404
16201 1475070170.439585 -0.005493 -0.005493 15.375404
16202 1475070170.443971 -0.005493 -0.005493 15.375404
16203 1475070170.455779 -0.005493 -0.005493 15.375404
16204 1475070170.465857 -0.005493 -0.005493 15.375404
16205 1475070170.477163 -0.005493 -0.005493 15.375404
16206 1475070170.487652 -0.005493 -0.005493 15.375404
16207 1475070170.498021 -0.005493 -0.005493 15.375404
16208 1475070170.507578 -0.005493 -0.005493 15.375404
16209 1475070170.517833 -0.005493 -0.005493 15.375404
16210 1475070170.528009 -0.005493 -0.005493 15.375404
16211 1475070170.538113 -0.005493 -0.005493 15.375404
16212 1475070170.548790 -0.005493 -0.005493 15.375404
16213 1475070170.558619 -0.005493 -0.005493 15.375404
16214 1475070170.568644 -0.005493 -0.005493 15.375404
16215 1475070170.578678 -0.005493 -0.005493 15.375404
16216 1475070170.588872 -0.005493 -0.005493 15.375404
16217 1475070170.599391 -0.005493 -0.005493 15.375404
16218 1475070170.609049 -0.005493 -0.005493 15.375404
16219 1475070170.619099 -0.005493 -0.005493 15.375404
16220 1475070170.629287 -0.005493 -0.005493 15.375404
16221 1475070170.639627 -0.005493 -0.005493 15.375404
16222 1475070170.649940 -0.005493 -0.005493 15.375404
16223 1475070170.659875 -0.005493 -0.005493 15.375404
16224 1475070170.669948 -0.005493 -0.005493 15.375404
16225 1475070170.680095 -0.005493 -0.005493 15.375404
16226 1475070170.690257 -0.005493 -0.005493 15.375404
16227 1475070170.700465 -0.005493 -0.005493 15.375404
16228 1475070170.710747 -0.005493 -0.005493 15.375404
16229 1475070170.720740 -0.005493 -0.005493 15.375404
16230 1475070170.731045 -0.005493 -0.005493 15.375404
16231 1475070170.741760 -0.005493 -0.005493 15.375404
16232 1475070170.752028 -0.005493 -0.005493 15.375404
16233 1475070170.761961 -0.005493 -0.005493 15.375404
16234 1475070170.772195 -0.005493 -0.005493 15.375404
16235 1475070170.782285 -0.005493 -0.005493 15.375404
16236 1475070170.792424 -0.005493 -0.005493 15.375404
16237 1475070170.798362 -0.005493 -0.005493 15.375404
16238 1475070170.809030 -0.005493 -0.005493 15.375404
16239 1475070170.818510 -0.005493 -0.005493 15.375404
16240 1475070170.828598 -0.005493 -0.005493 15.375404
16241 1475070170.838785 -0.005493 -0.005493 15.375404
16242 1475070170.852044 -0.005493 -0.005493 15.375404
16243 1475070170.859109 -0.005493 -0.005493 15.375404
16244 1475070170.869316 -0.005493 -0.005493 15.375404
16245 1475070170.879435 -0.005493 -0.005493 15.375404
16246 1475070170.889887 -0.005493 -0.005493 15.375404
16247 1475070170.900161 -0.005493 -0.005493 15.375404
16248 1475070170.910278 -0.005493 -0.005493 15.375404
16249 1475070170.920517 -0.005493 -0.005493 15.375404
16250 1475070170.930426 -0.005493 -0.005493 15.375404
16251 1475070170.940570 -0.005493 -0.005493 15.375404
16252 1475070170.953151 -0.005493 -0.005493 15.375404
16253 1475070170.960969 -0.005493 -0.005493 15.375404
16254 1475070170.971503 -0.005493 -0.005493 15.375404
16255 1475070170.981537 -0.005493 -0.005493 15.375404
16256 1475070170.991655 -0.005493 -0.005493 15.375404
16257 1475070171.001840 -0.005493 -0.005493 15.375404
16258 1475070171.011925 -0.005493 -0.005493 15.375404
16259 1475070171.022017 -0.005493 -0.005493 15.375404
16260 1475070171.032109 -0.005493 -0.005493 15.375404
16261 1475070171.042266 -0.005493 -0.005493 15.375404
16262 1475070171.052711 -0.005493 -0.005493 15.375404
16263 1475070171.062809 -0.005493 -0.005493 15.375404
16264 1475070171.072859 -0.005493 -0.005493 15.375404
16265 1475070171.083220 -0.005493 -0.005493 15.375404
16266 1475070171.093151 -0.005493 -0.005493 15.375404
16267 1475070171.103205 -0.005493 -0.005493 15.375404
16268 1475070171.113792 -0.005493 -0.005493 15.375404
16269 1475070171.123769 -0.005493 -0.005493 15.375404
16270 1475070171.133984 -0.005493 -0.005493 15.375404
16271 1475070171.144372 -0.005493 -0.005493 15.375404
16272 1475070171.154317 -0.005493 -0.005493 15.375404
16273 1475070171.161780 -0.005493 -0.005493 15.375404
16274 1475070171.174641 -0.005493 -0.005493 15.375404
16275 1475070171.184753 -0.005493 -0.005493 15.375404
16276 1475070171.190152 -0.005493 -0.005493 15.375404
16277 1475070171.202189 -0.005493 -0.005493 15.375404
16278 1475070171.210643 -0.005493 -0.005493 15.375404
16279 1475070171.220838 -0.005493 -0.005493 15.375404
16280 1475070171.230957 -0.005493 -0.005493 15.375404
16281 1475070171.243332 -0.005493 -0.005493 15.375404
16282 1475070171.253628 -0.005493 -0.005493 15.375404
16283 1475070171.263355 -0.005493 -0.005493 15.375404
16284 1475070171.273936 -0.005493 -0.005493 15.375404
16285 1475070171.284288 -0.005493 -0.005493 15.375404
16286 1475070171.294087 -0.005493 -0.005493 15.375404
16287 1475070171.304135 -0.005493 -0.005493 15.375404
16288 1475070171.314970 -0.005493 -0.005493 15.375404
16289 1475070171.325208 -0.005493 -0.005493 15.375404
16290 1475070171.335262 -0.005493 -0.005493 15.375404
16291 1475070171.345422 -0.005493 -0.005493 15.375404
16292 1475070171.355580 -0.005493 -0.005493 15.375404
16293 1475070171.365667 -0.005493 -0.005493 15.375404
16294 1475070171.376427 -0.005493 -0.005493 15.375404
16295 1475070171.386541 -0.005493 -0.005493 15.375404
16296 1475070171.396554 -0.005493 -0.005493 15.375404
16297 1475070171.406765 -0.005493 -0.005493 15.375404
16298 1475070171.416718 -0.005493 -0.005493 15.375404
16299 1475070171.421825 -0.005493 -0.005493 15.375404
16300 1475070171.437006 -0.005493 -0.005493 15.375404
16301 1475070171.442097 -0.005493 -0.005493 15.375404
16302 1475070171.452244 -0.005493 -0.005493 15.287513
16303 1475070171.462357 -0.005493 -0.005493 15.375404
16304 1475070171.473273 -0.005493 -0.005493 15.375404
16305 1475070171.483318 -0.005493 -0.005493 15.375404
16306 1475070171.493249 -0.005493 -0.005493 15.375404
16307 1475070171.503452 -0.005493 -0.005493 15.375404
16308 1475070171.513506 -0.005493 -0.005493 15.375404
16309 1475070171.523623 -0.093384 -0.005493 15.375404
16310 1475070171.533843 -0.005493 -0.005493 15.375404
16311 1475070171.543880 -0.093384 -0.005493 15.375404
16312 1475070171.554482 -0.093384 -0.005493 15.375404
16313 1475070171.566856 -0.005493 -0.005493 15.375404
16314 1475070171.574817 -0.005493 -0.005493 15.375404
16315 1475070171.584992 -0.093384 -0.005493 15.375404
16316 1475070171.595089 -0.005493 -0.005493 15.375404
16317 1475070171.606629 -0.005493 -0.005493 15.375404
16318 1475070171.615843 -0.005493 -0.005493 15.375404
16319 1475070171.627030 -0.005493 -0.005493 15.375404
16320 1475070171.636933 -0.005493 -0.005493 15.375404
16321 1475070171.646988 -0.005493 -0.005493 15.375404
16322 1475070171.658684 -0.005493 -0.005493 15.375404
16323 1475070171.667775 -0.005493 -0.005493 15.375404
16324 1475070171.678013 -0.005493 -0.005493 15.375404
16325 1475070171.687822 -0.005493 -0.005493 15.375404
16326 1475070171.698114 -0.005493 -0.005493 15.375404
16327 1475070171.708931 -0.005493 -0.005493 15.375404
16328 1475070171.718480 -0.005493 -0.005493 15.375404
16329 1475070171.728519 -0.005493 -0.005493 15.375404
16330 1475070171.733489 -0.005493 -0.005493 15.375404
16331 1475070171.749517 -0.005493 -0.005493 15.375404
16332 1475070171.758946 -0.005493 -0.005493 15.375404
16333 1475070171.769192 -0.005493 -0.005493 15.375404
16334 1475070171.779264 -0.005493 -0.005493 15.375404
16335 1475070171.789439 -0.093384 -0.005493 15.375404
16336 1475070171.799617 -0.093384 -0.005493 15.375404
16337 1475070171.809664 -0.093384 -0.005493 15.375404
16338 1475070171.819833 -0.093384 -0.005493 15.375404
16339 1475070171.829930 -0.005493 -0.005493 15.375404
16340 1475070171.840042 -0.005493 -0.005493 15.375404
16341 1475070171.850217 -0.005493 -0.005493 15.375404
16342 1475070171.860272 -0.093384 -0.005493 15.375404
16343 1475070171.870414 -0.005493 -0.005493 15.375404
16344 1475070171.880547 -0.005493 -0.005493 15.375404
16345 1475070171.890626 -0.005493 -0.005493 15.375404
16346 1475070171.901681 -0.005493 -0.005493 15.375404
16347 1475070171.910902 -0.005493 -0.005493 15.375404
16348 1475070171.920990 -0.093384 -0.005493 15.375404
16349 1475070171.931112 -0.005493 -0.005493 15.375404
16350 1475070171.941526 -0.093384 -0.005493 15.375404
16351 1475070171.951779 -0.093384 -0.005493 15.375404
16352 1475070171.961752 -0.005493 -0.005493 15.375404
16353 1475070171.971936 -0.005493 -0.005493 15.375404
16354 1475070171.981948 -0.005493 -0.005493 15.375404
16355 1475070171.992081 -0.005493 -0.005493 15.375404
16356 1475070172.002294 -0.005493 -0.005493 15.375404
16357 1475070172.012341 -0.005493 -0.005493 15.375404
16358 1475070172.022465 0.082398 -0.005493 15.375404
16359 1475070172.032504 0.082398 -0.005493 15.375404
16360 1475070172.042655 0.082398 -0.005493 15.287513
16361 1475070172.052826 0.082398 -0.005493 15.375404
16362 1475070172.062823 0.082398 0.082398 15.375404
16363 1475070172.072933 0.082398 -0.005493 15.375404
16364 1475070172.083134 0.170289 -0.005493 15.375404
16365 1475070172.093109 0.170289 -0.005493 15.375404
16366 1475070172.102103 0.170289 -0.005493 15.375404
16367 1475070172.109491 0.082398 -0.005493 15.375404
16368 1475070172.119417 0.170289 -0.005493 15.375404
16369 1475070172.129469 0.170289 -0.005493 15.375404
16370 1475070172.139507 0.082398 -0.005493 15.375404
16371 1475070172.149906 0.082398 -0.005493 15.375404
16372 1475070172.160092 0.082398 -0.005493 15.375404
16373 1475070172.171839 0.082398 -0.005493 15.375404
16374 1475070172.181639 0.082398 -0.005493 15.375404
16375 1475070172.191757 0.082398 -0.005493 15.375404
16376 1475070172.201880 0.082398 -0.005493 15.375404
16377 1475070172.211812 0.082398 -0.005493 15.375404
16378 1475070172.222148 0.082398 -0.005493 15.375404
16379 1475070172.232106 0.082398 -0.005493 15.375404
16380 1475070172.242233 0.082398 -0.005493 15.375404
16381 1475070172.252449 0.082398 -0.005493 15.375404
16382 1475070172.262453 0.082398 -0.005493 15.375404
16383 1475070172.272682 0.082398 -0.005493 15.375404
16384 1475070172.282829 0.082398 -0.005493 15.375404
16385 1475070172.292887 0.082398 -0.005493 15.375404
16386 1475070172.303028 0.082398 -0.005493 15.375404
16387 1475070172.313129 0.082398 -0.005493 15.375404
16388 1475070172.323250 0.082398 -0.005493 15.375404
16389 1475070172.333369 0.082398 -0.005493 15.375404
16390 1475070172.343504 0.082398 -0.005493 15.375404
16391 1475070172.353670 0.082398 -0.005493 15.375404
16392 1475070172.363660 -0.005493 -0.005493 15.375404
16393 1475070172.373800 0.082398 -0.005493 15.375404
16394 1475070172.383983 0.082398 -0.005493 15.375404
16395 1475070172.394029 0.082398 -0.005493 15.375404
16396 1475070172.404254 0.082398 -0.005493 15.375404
16397 1475070172.414622 0.082398 -0.005493 15.375404
16398 1475070172.424428 0.082398 -0.005493 15.375404
16399 1475070172.434552 0.082398 -0.005493 15.375404
16400 1475070172.444794 0.082398 -0.005493 15.375404
16401 1475070172.454899 0.082398 -0.005493 15.375404
16402 1475070172.465160 0.082398 -0.005493 15.375404
16403 1475070172.475048 0.082398 -0.005493 15.375404
16404 1475070172.485216 0.082398 -0.005493 15.287513
16405 1475070172.495329 0.082398 -0.005493 15.375404
16406 1475070172.505471 -0.005493 -0.005493 15.287513
16407 1475070172.515597 -0.005493 -0.005493 15.375404
16408 1475070172.525717 -0.005493 -0.005493 15.375404
16409 1475070172.535817 -0.005493 -0.005493 15.375404
16410 1475070172.545932 -0.005493 -0.005493 15.375404
16411 1475070172.551420 -0.005493 -0.005493 15.375404
16412 1475070172.566434 -0.005493 -0.005493 15.375404
